Epochs (PACS - Domain 0):   0%|          | 0/5 [00:00<?, ?it/s]
Epoch 1:   0%|          | 0/44 [00:00<?, ?it/s][A
Epoch 1:   0%|          | 0/44 [00:05<?, ?it/s, Loss=2.5318][A
Epoch 1:   2%|▏         | 1/44 [00:05<04:06,  5.73s/it, Loss=2.5318][A
Epoch 1:   2%|▏         | 1/44 [00:08<04:06,  5.73s/it, Loss=2.3580][A
Epoch 1:   5%|▍         | 2/44 [00:08<02:52,  4.10s/it, Loss=2.3580][A
Epoch 1:   5%|▍         | 2/44 [00:11<02:52,  4.10s/it, Loss=2.2533][A
Epoch 1:   7%|▋         | 3/44 [00:11<02:22,  3.48s/it, Loss=2.2533][A
Epoch 1:   7%|▋         | 3/44 [00:14<02:22,  3.48s/it, Loss=2.4358][A
Epoch 1:   9%|▉         | 4/44 [00:14<02:05,  3.15s/it, Loss=2.4358][A
Epoch 1:   9%|▉         | 4/44 [00:16<02:05,  3.15s/it, Loss=2.4867][A
Epoch 1:  11%|█▏        | 5/44 [00:16<01:54,  2.93s/it, Loss=2.4867][A
Epoch 1:  11%|█▏        | 5/44 [00:19<01:54,  2.93s/it, Loss=2.3913][A
Epoch 1:  14%|█▎        | 6/44 [00:19<01:46,  2.79s/it, Loss=2.3913][A
Epoch 1:  14%|█▎        | 6/44 [00:21<01:46,  2.79s/it, Loss=2.5370][A
Epoch 1:  16%|█▌        | 7/44 [00:21<01:40,  2.70s/it, Loss=2.5370][A
Epoch 1:  16%|█▌        | 7/44 [00:24<01:40,  2.70s/it, Loss=2.3100][A
Epoch 1:  18%|█▊        | 8/44 [00:24<01:35,  2.65s/it, Loss=2.3100][A
Epoch 1:  18%|█▊        | 8/44 [00:26<01:35,  2.65s/it, Loss=2.1749][A
Epoch 1:  20%|██        | 9/44 [00:26<01:31,  2.61s/it, Loss=2.1749][A
Epoch 1:  20%|██        | 9/44 [00:29<01:31,  2.61s/it, Loss=2.1471][A
Epoch 1:  23%|██▎       | 10/44 [00:29<01:27,  2.58s/it, Loss=2.1471][A
Epoch 1:  23%|██▎       | 10/44 [00:31<01:27,  2.58s/it, Loss=2.2205][A
Epoch 1:  25%|██▌       | 11/44 [00:31<01:24,  2.57s/it, Loss=2.2205][A
Epoch 1:  25%|██▌       | 11/44 [00:34<01:24,  2.57s/it, Loss=2.4269][A
Epoch 1:  27%|██▋       | 12/44 [00:34<01:21,  2.55s/it, Loss=2.4269][A
Epoch 1:  27%|██▋       | 12/44 [00:36<01:21,  2.55s/it, Loss=2.0175][A
Epoch 1:  30%|██▉       | 13/44 [00:36<01:18,  2.54s/it, Loss=2.0175][A
Epoch 1:  30%|██▉       | 13/44 [00:39<01:18,  2.54s/it, Loss=2.2217][A
Epoch 1:  32%|███▏      | 14/44 [00:39<01:16,  2.54s/it, Loss=2.2217][A
Epoch 1:  32%|███▏      | 14/44 [00:41<01:16,  2.54s/it, Loss=1.8444][A
Epoch 1:  34%|███▍      | 15/44 [00:41<01:13,  2.54s/it, Loss=1.8444][A
Epoch 1:  34%|███▍      | 15/44 [00:44<01:13,  2.54s/it, Loss=2.1173][A
Epoch 1:  36%|███▋      | 16/44 [00:44<01:10,  2.54s/it, Loss=2.1173][A
Epoch 1:  36%|███▋      | 16/44 [00:46<01:10,  2.54s/it, Loss=2.2407][A
Epoch 1:  39%|███▊      | 17/44 [00:46<01:08,  2.53s/it, Loss=2.2407][A
Epoch 1:  39%|███▊      | 17/44 [00:49<01:08,  2.53s/it, Loss=1.8467][A
Epoch 1:  41%|████      | 18/44 [00:49<01:05,  2.53s/it, Loss=1.8467][A
Epoch 1:  41%|████      | 18/44 [00:51<01:05,  2.53s/it, Loss=1.7997][A
Epoch 1:  43%|████▎     | 19/44 [00:51<01:03,  2.53s/it, Loss=1.7997][A
Epoch 1:  43%|████▎     | 19/44 [00:54<01:03,  2.53s/it, Loss=1.8749][A
Epoch 1:  45%|████▌     | 20/44 [00:54<01:00,  2.53s/it, Loss=1.8749][A
Epoch 1:  45%|████▌     | 20/44 [00:57<01:00,  2.53s/it, Loss=1.8331][A
Epoch 1:  48%|████▊     | 21/44 [00:57<00:58,  2.53s/it, Loss=1.8331][A
Epoch 1:  48%|████▊     | 21/44 [00:59<00:58,  2.53s/it, Loss=1.8998][A
Epoch 1:  50%|█████     | 22/44 [00:59<00:55,  2.53s/it, Loss=1.8998][A
Epoch 1:  50%|█████     | 22/44 [01:02<00:55,  2.53s/it, Loss=1.8261][A
Epoch 1:  52%|█████▏    | 23/44 [01:02<00:53,  2.53s/it, Loss=1.8261][A
Epoch 1:  52%|█████▏    | 23/44 [01:04<00:53,  2.53s/it, Loss=1.7159][A
Epoch 1:  55%|█████▍    | 24/44 [01:04<00:50,  2.52s/it, Loss=1.7159][A
Epoch 1:  55%|█████▍    | 24/44 [01:07<00:50,  2.52s/it, Loss=1.5259][A
Epoch 1:  57%|█████▋    | 25/44 [01:07<00:49,  2.63s/it, Loss=1.5259][A
Epoch 1:  57%|█████▋    | 25/44 [01:09<00:49,  2.63s/it, Loss=1.8274][A
Epoch 1:  59%|█████▉    | 26/44 [01:09<00:46,  2.60s/it, Loss=1.8274][A
Epoch 1:  59%|█████▉    | 26/44 [01:12<00:46,  2.60s/it, Loss=1.5786][A
Epoch 1:  61%|██████▏   | 27/44 [01:12<00:43,  2.58s/it, Loss=1.5786][A
Epoch 1:  61%|██████▏   | 27/44 [01:15<00:43,  2.58s/it, Loss=1.6641][A
Epoch 1:  64%|██████▎   | 28/44 [01:15<00:41,  2.56s/it, Loss=1.6641][A
Epoch 1:  64%|██████▎   | 28/44 [01:17<00:41,  2.56s/it, Loss=1.6325][A
Epoch 1:  66%|██████▌   | 29/44 [01:17<00:38,  2.56s/it, Loss=1.6325][A
Epoch 1:  66%|██████▌   | 29/44 [01:20<00:38,  2.56s/it, Loss=1.7138][A
Epoch 1:  68%|██████▊   | 30/44 [01:20<00:35,  2.55s/it, Loss=1.7138][A
Epoch 1:  68%|██████▊   | 30/44 [01:22<00:35,  2.55s/it, Loss=1.5446][A
Epoch 1:  70%|███████   | 31/44 [01:22<00:33,  2.54s/it, Loss=1.5446][A
Epoch 1:  70%|███████   | 31/44 [01:25<00:33,  2.54s/it, Loss=1.5220][A
Epoch 1:  73%|███████▎  | 32/44 [01:25<00:30,  2.53s/it, Loss=1.5220][A
Epoch 1:  73%|███████▎  | 32/44 [01:27<00:30,  2.53s/it, Loss=1.3907][A
Epoch 1:  75%|███████▌  | 33/44 [01:27<00:27,  2.53s/it, Loss=1.3907][A
Epoch 1:  75%|███████▌  | 33/44 [01:30<00:27,  2.53s/it, Loss=1.4321][A
Epoch 1:  77%|███████▋  | 34/44 [01:30<00:25,  2.53s/it, Loss=1.4321][A
Epoch 1:  77%|███████▋  | 34/44 [01:32<00:25,  2.53s/it, Loss=1.4531][A
Epoch 1:  80%|███████▉  | 35/44 [01:32<00:22,  2.53s/it, Loss=1.4531][A
Epoch 1:  80%|███████▉  | 35/44 [01:35<00:22,  2.53s/it, Loss=1.4446][A
Epoch 1:  82%|████████▏ | 36/44 [01:35<00:20,  2.54s/it, Loss=1.4446][A
Epoch 1:  82%|████████▏ | 36/44 [01:37<00:20,  2.54s/it, Loss=1.3932][A
Epoch 1:  84%|████████▍ | 37/44 [01:37<00:17,  2.53s/it, Loss=1.3932][A
Epoch 1:  84%|████████▍ | 37/44 [01:40<00:17,  2.53s/it, Loss=1.3375][A
Epoch 1:  86%|████████▋ | 38/44 [01:40<00:15,  2.53s/it, Loss=1.3375][A
Epoch 1:  86%|████████▋ | 38/44 [01:42<00:15,  2.53s/it, Loss=1.0981][A
Epoch 1:  89%|████████▊ | 39/44 [01:42<00:12,  2.53s/it, Loss=1.0981][A
Epoch 1:  89%|████████▊ | 39/44 [01:45<00:12,  2.53s/it, Loss=1.2800][A
Epoch 1:  91%|█████████ | 40/44 [01:45<00:10,  2.53s/it, Loss=1.2800][A
Epoch 1:  91%|█████████ | 40/44 [01:47<00:10,  2.53s/it, Loss=1.0507][A
Epoch 1:  93%|█████████▎| 41/44 [01:47<00:07,  2.52s/it, Loss=1.0507][A
Epoch 1:  93%|█████████▎| 41/44 [01:50<00:07,  2.52s/it, Loss=1.0206][A
Epoch 1:  95%|█████████▌| 42/44 [01:50<00:05,  2.52s/it, Loss=1.0206][A
Epoch 1:  95%|█████████▌| 42/44 [01:52<00:05,  2.52s/it, Loss=1.0373][A
Epoch 1:  98%|█████████▊| 43/44 [01:52<00:02,  2.52s/it, Loss=1.0373][A
Epoch 1:  98%|█████████▊| 43/44 [01:53<00:02,  2.52s/it, Loss=1.3965][A
Epoch 1: 100%|██████████| 44/44 [01:53<00:00,  1.96s/it, Loss=1.3965][A
                                                                     [AEpochs (PACS - Domain 0):   0%|          | 0/5 [01:53<?, ?it/s, Avg Loss=1.8149]Epochs (PACS - Domain 0):  20%|██        | 1/5 [01:53<07:34, 113.61s/it, Avg Loss=1.8149]
Epoch 2:   0%|          | 0/44 [00:00<?, ?it/s][A
Epoch 2:   0%|          | 0/44 [00:02<?, ?it/s, Loss=0.7621][A
Epoch 2:   2%|▏         | 1/44 [00:02<01:47,  2.51s/it, Loss=0.7621][A
Epoch 2:   2%|▏         | 1/44 [00:05<01:47,  2.51s/it, Loss=0.8169][A
Epoch 2:   5%|▍         | 2/44 [00:05<01:45,  2.51s/it, Loss=0.8169][A
Epoch 2:   5%|▍         | 2/44 [00:07<01:45,  2.51s/it, Loss=0.7491][A
Epoch 2:   7%|▋         | 3/44 [00:07<01:42,  2.51s/it, Loss=0.7491][A
Epoch 2:   7%|▋         | 3/44 [00:10<01:42,  2.51s/it, Loss=0.8202][A
Epoch 2:   9%|▉         | 4/44 [00:10<01:40,  2.51s/it, Loss=0.8202][A
Epoch 2:   9%|▉         | 4/44 [00:12<01:40,  2.51s/it, Loss=0.8120][A
Epoch 2:  11%|█▏        | 5/44 [00:12<01:37,  2.51s/it, Loss=0.8120][A
Epoch 2:  11%|█▏        | 5/44 [00:15<01:37,  2.51s/it, Loss=0.9790][A
Epoch 2:  14%|█▎        | 6/44 [00:15<01:38,  2.59s/it, Loss=0.9790][A
Epoch 2:  14%|█▎        | 6/44 [00:17<01:38,  2.59s/it, Loss=0.7573][A
Epoch 2:  16%|█▌        | 7/44 [00:17<01:34,  2.57s/it, Loss=0.7573][A
Epoch 2:  16%|█▌        | 7/44 [00:20<01:34,  2.57s/it, Loss=0.5995][A
Epoch 2:  18%|█▊        | 8/44 [00:20<01:32,  2.56s/it, Loss=0.5995][A
Epoch 2:  18%|█▊        | 8/44 [00:22<01:32,  2.56s/it, Loss=0.5007][A
Epoch 2:  20%|██        | 9/44 [00:22<01:29,  2.55s/it, Loss=0.5007][A
Epoch 2:  20%|██        | 9/44 [00:25<01:29,  2.55s/it, Loss=0.7267][A
Epoch 2:  23%|██▎       | 10/44 [00:25<01:26,  2.54s/it, Loss=0.7267][A
Epoch 2:  23%|██▎       | 10/44 [00:27<01:26,  2.54s/it, Loss=0.6413][A
Epoch 2:  25%|██▌       | 11/44 [00:27<01:23,  2.54s/it, Loss=0.6413][A
Epoch 2:  25%|██▌       | 11/44 [00:30<01:23,  2.54s/it, Loss=0.7907][A
Epoch 2:  27%|██▋       | 12/44 [00:30<01:20,  2.53s/it, Loss=0.7907][A
Epoch 2:  27%|██▋       | 12/44 [00:32<01:20,  2.53s/it, Loss=0.4883][A
Epoch 2:  30%|██▉       | 13/44 [00:32<01:18,  2.52s/it, Loss=0.4883][A
Epoch 2:  30%|██▉       | 13/44 [00:35<01:18,  2.52s/it, Loss=0.6481][A
Epoch 2:  32%|███▏      | 14/44 [00:35<01:15,  2.52s/it, Loss=0.6481][A
Epoch 2:  32%|███▏      | 14/44 [00:37<01:15,  2.52s/it, Loss=0.6146][A
Epoch 2:  34%|███▍      | 15/44 [00:37<01:12,  2.52s/it, Loss=0.6146][A
Epoch 2:  34%|███▍      | 15/44 [00:40<01:12,  2.52s/it, Loss=0.4597][A
Epoch 2:  36%|███▋      | 16/44 [00:40<01:10,  2.51s/it, Loss=0.4597][A
Epoch 2:  36%|███▋      | 16/44 [00:42<01:10,  2.51s/it, Loss=0.4728][A
Epoch 2:  39%|███▊      | 17/44 [00:42<01:07,  2.51s/it, Loss=0.4728][A
Epoch 2:  39%|███▊      | 17/44 [00:45<01:07,  2.51s/it, Loss=0.5035][A
Epoch 2:  41%|████      | 18/44 [00:45<01:05,  2.51s/it, Loss=0.5035][A
Epoch 2:  41%|████      | 18/44 [00:47<01:05,  2.51s/it, Loss=0.5205][A
Epoch 2:  43%|████▎     | 19/44 [00:47<01:02,  2.51s/it, Loss=0.5205][A
Epoch 2:  43%|████▎     | 19/44 [00:50<01:02,  2.51s/it, Loss=0.4095][A
Epoch 2:  45%|████▌     | 20/44 [00:50<01:00,  2.51s/it, Loss=0.4095][A
Epoch 2:  45%|████▌     | 20/44 [00:53<01:00,  2.51s/it, Loss=0.2828][A
Epoch 2:  48%|████▊     | 21/44 [00:53<00:57,  2.51s/it, Loss=0.2828][A
Epoch 2:  48%|████▊     | 21/44 [00:55<00:57,  2.51s/it, Loss=0.4682][A
Epoch 2:  50%|█████     | 22/44 [00:55<00:55,  2.52s/it, Loss=0.4682][A
Epoch 2:  50%|█████     | 22/44 [00:58<00:55,  2.52s/it, Loss=0.6542][A
Epoch 2:  52%|█████▏    | 23/44 [00:58<00:52,  2.52s/it, Loss=0.6542][A
Epoch 2:  52%|█████▏    | 23/44 [01:00<00:52,  2.52s/it, Loss=0.4562][A
Epoch 2:  55%|█████▍    | 24/44 [01:00<00:50,  2.51s/it, Loss=0.4562][A
Epoch 2:  55%|█████▍    | 24/44 [01:03<00:50,  2.51s/it, Loss=0.5170][A
Epoch 2:  57%|█████▋    | 25/44 [01:03<00:47,  2.51s/it, Loss=0.5170][A
Epoch 2:  57%|█████▋    | 25/44 [01:05<00:47,  2.51s/it, Loss=0.3419][A
Epoch 2:  59%|█████▉    | 26/44 [01:05<00:45,  2.51s/it, Loss=0.3419][A
Epoch 2:  59%|█████▉    | 26/44 [01:08<00:45,  2.51s/it, Loss=0.5550][A
Epoch 2:  61%|██████▏   | 27/44 [01:08<00:42,  2.51s/it, Loss=0.5550][A
Epoch 2:  61%|██████▏   | 27/44 [01:10<00:42,  2.51s/it, Loss=0.3712][A
Epoch 2:  64%|██████▎   | 28/44 [01:10<00:40,  2.51s/it, Loss=0.3712][A
Epoch 2:  64%|██████▎   | 28/44 [01:13<00:40,  2.51s/it, Loss=0.4308][A
Epoch 2:  66%|██████▌   | 29/44 [01:13<00:37,  2.51s/it, Loss=0.4308][A
Epoch 2:  66%|██████▌   | 29/44 [01:15<00:37,  2.51s/it, Loss=0.3673][A
Epoch 2:  68%|██████▊   | 30/44 [01:15<00:35,  2.51s/it, Loss=0.3673][A
Epoch 2:  68%|██████▊   | 30/44 [01:18<00:35,  2.51s/it, Loss=0.4298][A
Epoch 2:  70%|███████   | 31/44 [01:18<00:32,  2.51s/it, Loss=0.4298][A
Epoch 2:  70%|███████   | 31/44 [01:20<00:32,  2.51s/it, Loss=0.2767][A
Epoch 2:  73%|███████▎  | 32/44 [01:20<00:30,  2.51s/it, Loss=0.2767][A
Epoch 2:  73%|███████▎  | 32/44 [01:23<00:30,  2.51s/it, Loss=0.2460][A
Epoch 2:  75%|███████▌  | 33/44 [01:23<00:27,  2.51s/it, Loss=0.2460][A
Epoch 2:  75%|███████▌  | 33/44 [01:25<00:27,  2.51s/it, Loss=0.3773][A
Epoch 2:  77%|███████▋  | 34/44 [01:25<00:25,  2.53s/it, Loss=0.3773][A
Epoch 2:  77%|███████▋  | 34/44 [01:28<00:25,  2.53s/it, Loss=0.2025][A
Epoch 2:  80%|███████▉  | 35/44 [01:28<00:22,  2.53s/it, Loss=0.2025][A
Epoch 2:  80%|███████▉  | 35/44 [01:30<00:22,  2.53s/it, Loss=0.2351][A
Epoch 2:  82%|████████▏ | 36/44 [01:30<00:20,  2.53s/it, Loss=0.2351][A
Epoch 2:  82%|████████▏ | 36/44 [01:33<00:20,  2.53s/it, Loss=0.2874][A
Epoch 2:  84%|████████▍ | 37/44 [01:33<00:17,  2.53s/it, Loss=0.2874][A
Epoch 2:  84%|████████▍ | 37/44 [01:35<00:17,  2.53s/it, Loss=0.1882][A
Epoch 2:  86%|████████▋ | 38/44 [01:35<00:15,  2.52s/it, Loss=0.1882][A
Epoch 2:  86%|████████▋ | 38/44 [01:38<00:15,  2.52s/it, Loss=0.1874][A
Epoch 2:  89%|████████▊ | 39/44 [01:38<00:12,  2.52s/it, Loss=0.1874][A
Epoch 2:  89%|████████▊ | 39/44 [01:40<00:12,  2.52s/it, Loss=0.1622][A
Epoch 2:  91%|█████████ | 40/44 [01:40<00:10,  2.51s/it, Loss=0.1622][A
Epoch 2:  91%|█████████ | 40/44 [01:43<00:10,  2.51s/it, Loss=0.2145][A
Epoch 2:  93%|█████████▎| 41/44 [01:43<00:07,  2.51s/it, Loss=0.2145][A
Epoch 2:  93%|█████████▎| 41/44 [01:45<00:07,  2.51s/it, Loss=0.2172][A
Epoch 2:  95%|█████████▌| 42/44 [01:45<00:05,  2.51s/it, Loss=0.2172][A
Epoch 2:  95%|█████████▌| 42/44 [01:48<00:05,  2.51s/it, Loss=0.4186][A
Epoch 2:  98%|█████████▊| 43/44 [01:48<00:02,  2.51s/it, Loss=0.4186][A
Epoch 2:  98%|█████████▊| 43/44 [01:48<00:02,  2.51s/it, Loss=0.0239][A
Epoch 2: 100%|██████████| 44/44 [01:48<00:00,  1.95s/it, Loss=0.0239][A
                                                                     [AEpochs (PACS - Domain 0):  20%|██        | 1/5 [03:42<07:34, 113.61s/it, Avg Loss=0.4769]Epochs (PACS - Domain 0):  40%|████      | 2/5 [03:42<05:32, 110.89s/it, Avg Loss=0.4769]
Epoch 3:   0%|          | 0/44 [00:00<?, ?it/s][A
Epoch 3:   0%|          | 0/44 [00:02<?, ?it/s, Loss=0.0943][A
Epoch 3:   2%|▏         | 1/44 [00:02<01:47,  2.51s/it, Loss=0.0943][A
Epoch 3:   2%|▏         | 1/44 [00:05<01:47,  2.51s/it, Loss=0.2282][A
Epoch 3:   5%|▍         | 2/44 [00:05<01:45,  2.51s/it, Loss=0.2282][A
Epoch 3:   5%|▍         | 2/44 [00:07<01:45,  2.51s/it, Loss=0.2862][A
Epoch 3:   7%|▋         | 3/44 [00:07<01:42,  2.51s/it, Loss=0.2862][A
Epoch 3:   7%|▋         | 3/44 [00:10<01:42,  2.51s/it, Loss=0.0856][A
Epoch 3:   9%|▉         | 4/44 [00:10<01:40,  2.51s/it, Loss=0.0856][A
Epoch 3:   9%|▉         | 4/44 [00:12<01:40,  2.51s/it, Loss=0.1731][A
Epoch 3:  11%|█▏        | 5/44 [00:12<01:37,  2.50s/it, Loss=0.1731][A
Epoch 3:  11%|█▏        | 5/44 [00:15<01:37,  2.50s/it, Loss=0.1144][A
Epoch 3:  14%|█▎        | 6/44 [00:15<01:35,  2.51s/it, Loss=0.1144][A
Epoch 3:  14%|█▎        | 6/44 [00:17<01:35,  2.51s/it, Loss=0.0763][A
Epoch 3:  16%|█▌        | 7/44 [00:17<01:32,  2.51s/it, Loss=0.0763][A
Epoch 3:  16%|█▌        | 7/44 [00:20<01:32,  2.51s/it, Loss=0.1189][A
Epoch 3:  18%|█▊        | 8/44 [00:20<01:30,  2.51s/it, Loss=0.1189][A
Epoch 3:  18%|█▊        | 8/44 [00:22<01:30,  2.51s/it, Loss=0.0924][A
Epoch 3:  20%|██        | 9/44 [00:22<01:27,  2.51s/it, Loss=0.0924][A
Epoch 3:  20%|██        | 9/44 [00:25<01:27,  2.51s/it, Loss=0.1368][A
Epoch 3:  23%|██▎       | 10/44 [00:25<01:25,  2.51s/it, Loss=0.1368][A
Epoch 3:  23%|██▎       | 10/44 [00:27<01:25,  2.51s/it, Loss=0.0855][A
Epoch 3:  25%|██▌       | 11/44 [00:27<01:22,  2.51s/it, Loss=0.0855][A
Epoch 3:  25%|██▌       | 11/44 [00:30<01:22,  2.51s/it, Loss=0.1307][A
Epoch 3:  27%|██▋       | 12/44 [00:30<01:20,  2.51s/it, Loss=0.1307][A
Epoch 3:  27%|██▋       | 12/44 [00:32<01:20,  2.51s/it, Loss=0.0642][A
Epoch 3:  30%|██▉       | 13/44 [00:32<01:17,  2.50s/it, Loss=0.0642][A
Epoch 3:  30%|██▉       | 13/44 [00:35<01:17,  2.50s/it, Loss=0.0935][A
Epoch 3:  32%|███▏      | 14/44 [00:35<01:15,  2.50s/it, Loss=0.0935][A
Epoch 3:  32%|███▏      | 14/44 [00:37<01:15,  2.50s/it, Loss=0.0513][A
Epoch 3:  34%|███▍      | 15/44 [00:37<01:12,  2.50s/it, Loss=0.0513][A
Epoch 3:  34%|███▍      | 15/44 [00:40<01:12,  2.50s/it, Loss=0.1246][A
Epoch 3:  36%|███▋      | 16/44 [00:40<01:10,  2.50s/it, Loss=0.1246][A
Epoch 3:  36%|███▋      | 16/44 [00:42<01:10,  2.50s/it, Loss=0.0623][A
Epoch 3:  39%|███▊      | 17/44 [00:42<01:07,  2.50s/it, Loss=0.0623][A
Epoch 3:  39%|███▊      | 17/44 [00:45<01:07,  2.50s/it, Loss=0.0620][A
Epoch 3:  41%|████      | 18/44 [00:45<01:05,  2.50s/it, Loss=0.0620][A
Epoch 3:  41%|████      | 18/44 [00:47<01:05,  2.50s/it, Loss=0.0820][A
Epoch 3:  43%|████▎     | 19/44 [00:47<01:02,  2.50s/it, Loss=0.0820][A
Epoch 3:  43%|████▎     | 19/44 [00:50<01:02,  2.50s/it, Loss=0.0995][A
Epoch 3:  45%|████▌     | 20/44 [00:50<01:00,  2.50s/it, Loss=0.0995][A
Epoch 3:  45%|████▌     | 20/44 [00:52<01:00,  2.50s/it, Loss=0.0390][A
Epoch 3:  48%|████▊     | 21/44 [00:52<00:57,  2.50s/it, Loss=0.0390][A
Epoch 3:  48%|████▊     | 21/44 [00:55<00:57,  2.50s/it, Loss=0.0930][A
Epoch 3:  50%|█████     | 22/44 [00:55<00:55,  2.50s/it, Loss=0.0930][A
Epoch 3:  50%|█████     | 22/44 [00:57<00:55,  2.50s/it, Loss=0.0780][A
Epoch 3:  52%|█████▏    | 23/44 [00:57<00:52,  2.50s/it, Loss=0.0780][A
Epoch 3:  52%|█████▏    | 23/44 [01:00<00:52,  2.50s/it, Loss=0.2254][A
Epoch 3:  55%|█████▍    | 24/44 [01:00<00:50,  2.51s/it, Loss=0.2254][A
Epoch 3:  55%|█████▍    | 24/44 [01:02<00:50,  2.51s/it, Loss=0.1386][A
Epoch 3:  57%|█████▋    | 25/44 [01:02<00:47,  2.51s/it, Loss=0.1386][A
Epoch 3:  57%|█████▋    | 25/44 [01:05<00:47,  2.51s/it, Loss=0.0524][A
Epoch 3:  59%|█████▉    | 26/44 [01:05<00:45,  2.51s/it, Loss=0.0524][A
Epoch 3:  59%|█████▉    | 26/44 [01:07<00:45,  2.51s/it, Loss=0.3048][A
Epoch 3:  61%|██████▏   | 27/44 [01:07<00:42,  2.51s/it, Loss=0.3048][A
Epoch 3:  61%|██████▏   | 27/44 [01:10<00:42,  2.51s/it, Loss=0.0284][A
Epoch 3:  64%|██████▎   | 28/44 [01:10<00:40,  2.51s/it, Loss=0.0284][A
Epoch 3:  64%|██████▎   | 28/44 [01:12<00:40,  2.51s/it, Loss=0.0506][A
Epoch 3:  66%|██████▌   | 29/44 [01:12<00:37,  2.51s/it, Loss=0.0506][A
Epoch 3:  66%|██████▌   | 29/44 [01:15<00:37,  2.51s/it, Loss=0.0541][A
Epoch 3:  68%|██████▊   | 30/44 [01:15<00:35,  2.51s/it, Loss=0.0541][A
Epoch 3:  68%|██████▊   | 30/44 [01:17<00:35,  2.51s/it, Loss=0.0678][A
Epoch 3:  70%|███████   | 31/44 [01:17<00:32,  2.51s/it, Loss=0.0678][A
Epoch 3:  70%|███████   | 31/44 [01:20<00:32,  2.51s/it, Loss=0.0458][A
Epoch 3:  73%|███████▎  | 32/44 [01:20<00:30,  2.51s/it, Loss=0.0458][A
Epoch 3:  73%|███████▎  | 32/44 [01:22<00:30,  2.51s/it, Loss=0.0492][A
Epoch 3:  75%|███████▌  | 33/44 [01:22<00:27,  2.51s/it, Loss=0.0492][A
Epoch 3:  75%|███████▌  | 33/44 [01:25<00:27,  2.51s/it, Loss=0.0264][A
Epoch 3:  77%|███████▋  | 34/44 [01:25<00:25,  2.51s/it, Loss=0.0264][A
Epoch 3:  77%|███████▋  | 34/44 [01:27<00:25,  2.51s/it, Loss=0.1299][A
Epoch 3:  80%|███████▉  | 35/44 [01:27<00:22,  2.51s/it, Loss=0.1299][A
Epoch 3:  80%|███████▉  | 35/44 [01:30<00:22,  2.51s/it, Loss=0.1474][A
Epoch 3:  82%|████████▏ | 36/44 [01:30<00:20,  2.51s/it, Loss=0.1474][A
Epoch 3:  82%|████████▏ | 36/44 [01:32<00:20,  2.51s/it, Loss=0.0466][A
Epoch 3:  84%|████████▍ | 37/44 [01:32<00:17,  2.51s/it, Loss=0.0466][A
Epoch 3:  84%|████████▍ | 37/44 [01:35<00:17,  2.51s/it, Loss=0.0275][A
Epoch 3:  86%|████████▋ | 38/44 [01:35<00:15,  2.50s/it, Loss=0.0275][A
Epoch 3:  86%|████████▋ | 38/44 [01:37<00:15,  2.50s/it, Loss=0.0803][A
Epoch 3:  89%|████████▊ | 39/44 [01:37<00:12,  2.51s/it, Loss=0.0803][A
Epoch 3:  89%|████████▊ | 39/44 [01:40<00:12,  2.51s/it, Loss=0.0070][A
Epoch 3:  91%|█████████ | 40/44 [01:40<00:10,  2.50s/it, Loss=0.0070][A
Epoch 3:  91%|█████████ | 40/44 [01:42<00:10,  2.50s/it, Loss=0.1454][A
Epoch 3:  93%|█████████▎| 41/44 [01:42<00:07,  2.50s/it, Loss=0.1454][A
Epoch 3:  93%|█████████▎| 41/44 [01:45<00:07,  2.50s/it, Loss=0.0540][A
Epoch 3:  95%|█████████▌| 42/44 [01:45<00:05,  2.50s/it, Loss=0.0540][A
Epoch 3:  95%|█████████▌| 42/44 [01:47<00:05,  2.50s/it, Loss=0.0568][A
Epoch 3:  98%|█████████▊| 43/44 [01:47<00:02,  2.50s/it, Loss=0.0568][A
Epoch 3:  98%|█████████▊| 43/44 [01:48<00:02,  2.50s/it, Loss=0.1698][A
Epoch 3: 100%|██████████| 44/44 [01:48<00:00,  1.95s/it, Loss=0.1698][A
                                                                     [AEpochs (PACS - Domain 0):  40%|████      | 2/5 [05:31<05:32, 110.89s/it, Avg Loss=0.0995]Epochs (PACS - Domain 0):  60%|██████    | 3/5 [05:31<03:39, 109.76s/it, Avg Loss=0.0995]
Epoch 4:   0%|          | 0/44 [00:00<?, ?it/s][A
Epoch 4:   0%|          | 0/44 [00:02<?, ?it/s, Loss=0.0315][A
Epoch 4:   2%|▏         | 1/44 [00:02<01:47,  2.51s/it, Loss=0.0315][A
Epoch 4:   2%|▏         | 1/44 [00:05<01:47,  2.51s/it, Loss=0.0158][A
Epoch 4:   5%|▍         | 2/44 [00:05<01:45,  2.50s/it, Loss=0.0158][A
Epoch 4:   5%|▍         | 2/44 [00:07<01:45,  2.50s/it, Loss=0.0417][A
Epoch 4:   7%|▋         | 3/44 [00:07<01:42,  2.50s/it, Loss=0.0417][A
Epoch 4:   7%|▋         | 3/44 [00:10<01:42,  2.50s/it, Loss=0.0457][A
Epoch 4:   9%|▉         | 4/44 [00:10<01:40,  2.50s/it, Loss=0.0457][A
Epoch 4:   9%|▉         | 4/44 [00:12<01:40,  2.50s/it, Loss=0.0351][A
Epoch 4:  11%|█▏        | 5/44 [00:12<01:38,  2.52s/it, Loss=0.0351][A
Epoch 4:  11%|█▏        | 5/44 [00:15<01:38,  2.52s/it, Loss=0.0479][A
Epoch 4:  14%|█▎        | 6/44 [00:15<01:35,  2.52s/it, Loss=0.0479][A
Epoch 4:  14%|█▎        | 6/44 [00:17<01:35,  2.52s/it, Loss=0.0412][A
Epoch 4:  16%|█▌        | 7/44 [00:17<01:33,  2.53s/it, Loss=0.0412][A
Epoch 4:  16%|█▌        | 7/44 [00:20<01:33,  2.53s/it, Loss=0.0360][A
Epoch 4:  18%|█▊        | 8/44 [00:20<01:30,  2.52s/it, Loss=0.0360][A
Epoch 4:  18%|█▊        | 8/44 [00:22<01:30,  2.52s/it, Loss=0.0244][A
Epoch 4:  20%|██        | 9/44 [00:22<01:28,  2.52s/it, Loss=0.0244][A
Epoch 4:  20%|██        | 9/44 [00:25<01:28,  2.52s/it, Loss=0.0150][A
Epoch 4:  23%|██▎       | 10/44 [00:25<01:25,  2.51s/it, Loss=0.0150][A
Epoch 4:  23%|██▎       | 10/44 [00:27<01:25,  2.51s/it, Loss=0.0176][A
Epoch 4:  25%|██▌       | 11/44 [00:27<01:22,  2.51s/it, Loss=0.0176][A
Epoch 4:  25%|██▌       | 11/44 [00:30<01:22,  2.51s/it, Loss=0.0320][A
Epoch 4:  27%|██▋       | 12/44 [00:30<01:20,  2.51s/it, Loss=0.0320][A
Epoch 4:  27%|██▋       | 12/44 [00:32<01:20,  2.51s/it, Loss=0.0640][A
Epoch 4:  30%|██▉       | 13/44 [00:32<01:17,  2.51s/it, Loss=0.0640][A
Epoch 4:  30%|██▉       | 13/44 [00:35<01:17,  2.51s/it, Loss=0.0248][A
Epoch 4:  32%|███▏      | 14/44 [00:35<01:15,  2.51s/it, Loss=0.0248][A
Epoch 4:  32%|███▏      | 14/44 [00:37<01:15,  2.51s/it, Loss=0.0546][A
Epoch 4:  34%|███▍      | 15/44 [00:37<01:12,  2.51s/it, Loss=0.0546][A
Epoch 4:  34%|███▍      | 15/44 [00:40<01:12,  2.51s/it, Loss=0.0180][A
Epoch 4:  36%|███▋      | 16/44 [00:40<01:10,  2.50s/it, Loss=0.0180][A
Epoch 4:  36%|███▋      | 16/44 [00:42<01:10,  2.50s/it, Loss=0.0206][A
Epoch 4:  39%|███▊      | 17/44 [00:42<01:07,  2.50s/it, Loss=0.0206][A
Epoch 4:  39%|███▊      | 17/44 [00:45<01:07,  2.50s/it, Loss=0.0115][A
Epoch 4:  41%|████      | 18/44 [00:45<01:05,  2.50s/it, Loss=0.0115][A
Epoch 4:  41%|████      | 18/44 [00:47<01:05,  2.50s/it, Loss=0.0238][A
Epoch 4:  43%|████▎     | 19/44 [00:47<01:02,  2.50s/it, Loss=0.0238][A
Epoch 4:  43%|████▎     | 19/44 [00:50<01:02,  2.50s/it, Loss=0.0183][A
Epoch 4:  45%|████▌     | 20/44 [00:50<01:00,  2.51s/it, Loss=0.0183][A
Epoch 4:  45%|████▌     | 20/44 [00:52<01:00,  2.51s/it, Loss=0.0085][A
Epoch 4:  48%|████▊     | 21/44 [00:52<00:57,  2.50s/it, Loss=0.0085][A
Epoch 4:  48%|████▊     | 21/44 [00:55<00:57,  2.50s/it, Loss=0.0995][A
Epoch 4:  50%|█████     | 22/44 [00:55<00:55,  2.50s/it, Loss=0.0995][A
Epoch 4:  50%|█████     | 22/44 [00:57<00:55,  2.50s/it, Loss=0.0033][A
Epoch 4:  52%|█████▏    | 23/44 [00:57<00:52,  2.50s/it, Loss=0.0033][A
Epoch 4:  52%|█████▏    | 23/44 [01:00<00:52,  2.50s/it, Loss=0.0086][A
Epoch 4:  55%|█████▍    | 24/44 [01:00<00:50,  2.51s/it, Loss=0.0086][A
Epoch 4:  55%|█████▍    | 24/44 [01:02<00:50,  2.51s/it, Loss=0.0457][A
Epoch 4:  57%|█████▋    | 25/44 [01:02<00:47,  2.51s/it, Loss=0.0457][A
Epoch 4:  57%|█████▋    | 25/44 [01:05<00:47,  2.51s/it, Loss=0.0305][A
Epoch 4:  59%|█████▉    | 26/44 [01:05<00:45,  2.51s/it, Loss=0.0305][A
Epoch 4:  59%|█████▉    | 26/44 [01:07<00:45,  2.51s/it, Loss=0.0178][A
Epoch 4:  61%|██████▏   | 27/44 [01:07<00:42,  2.50s/it, Loss=0.0178][A
Epoch 4:  61%|██████▏   | 27/44 [01:10<00:42,  2.50s/it, Loss=0.0612][A
Epoch 4:  64%|██████▎   | 28/44 [01:10<00:40,  2.50s/it, Loss=0.0612][A
Epoch 4:  64%|██████▎   | 28/44 [01:12<00:40,  2.50s/it, Loss=0.0232][A
Epoch 4:  66%|██████▌   | 29/44 [01:12<00:37,  2.50s/it, Loss=0.0232][A
Epoch 4:  66%|██████▌   | 29/44 [01:15<00:37,  2.50s/it, Loss=0.0161][A
Epoch 4:  68%|██████▊   | 30/44 [01:15<00:35,  2.50s/it, Loss=0.0161][A
Epoch 4:  68%|██████▊   | 30/44 [01:17<00:35,  2.50s/it, Loss=0.0163][A
Epoch 4:  70%|███████   | 31/44 [01:17<00:32,  2.50s/it, Loss=0.0163][A
Epoch 4:  70%|███████   | 31/44 [01:20<00:32,  2.50s/it, Loss=0.0212][A
Epoch 4:  73%|███████▎  | 32/44 [01:20<00:30,  2.50s/it, Loss=0.0212][A
Epoch 4:  73%|███████▎  | 32/44 [01:22<00:30,  2.50s/it, Loss=0.0645][A
Epoch 4:  75%|███████▌  | 33/44 [01:22<00:27,  2.51s/it, Loss=0.0645][A
Epoch 4:  75%|███████▌  | 33/44 [01:25<00:27,  2.51s/it, Loss=0.0450][A
Epoch 4:  77%|███████▋  | 34/44 [01:25<00:25,  2.51s/it, Loss=0.0450][A
Epoch 4:  77%|███████▋  | 34/44 [01:27<00:25,  2.51s/it, Loss=0.0971][A
Epoch 4:  80%|███████▉  | 35/44 [01:27<00:22,  2.51s/it, Loss=0.0971][A
Epoch 4:  80%|███████▉  | 35/44 [01:30<00:22,  2.51s/it, Loss=0.0265][A
Epoch 4:  82%|████████▏ | 36/44 [01:30<00:20,  2.51s/it, Loss=0.0265][A
Epoch 4:  82%|████████▏ | 36/44 [01:32<00:20,  2.51s/it, Loss=0.0427][A
Epoch 4:  84%|████████▍ | 37/44 [01:32<00:17,  2.50s/it, Loss=0.0427][A
Epoch 4:  84%|████████▍ | 37/44 [01:35<00:17,  2.50s/it, Loss=0.0707][A
Epoch 4:  86%|████████▋ | 38/44 [01:35<00:15,  2.50s/it, Loss=0.0707][A
Epoch 4:  86%|████████▋ | 38/44 [01:37<00:15,  2.50s/it, Loss=0.0141][A
Epoch 4:  89%|████████▊ | 39/44 [01:37<00:12,  2.50s/it, Loss=0.0141][A
Epoch 4:  89%|████████▊ | 39/44 [01:40<00:12,  2.50s/it, Loss=0.0124][A
Epoch 4:  91%|█████████ | 40/44 [01:40<00:10,  2.50s/it, Loss=0.0124][A
Epoch 4:  91%|█████████ | 40/44 [01:42<00:10,  2.50s/it, Loss=0.0229][A
Epoch 4:  93%|█████████▎| 41/44 [01:42<00:07,  2.50s/it, Loss=0.0229][A
Epoch 4:  93%|█████████▎| 41/44 [01:45<00:07,  2.50s/it, Loss=0.0258][A
Epoch 4:  95%|█████████▌| 42/44 [01:45<00:05,  2.50s/it, Loss=0.0258][A
Epoch 4:  95%|█████████▌| 42/44 [01:47<00:05,  2.50s/it, Loss=0.0133][A
Epoch 4:  98%|█████████▊| 43/44 [01:47<00:02,  2.50s/it, Loss=0.0133][A
Epoch 4:  98%|█████████▊| 43/44 [01:48<00:02,  2.50s/it, Loss=0.0065][A
Epoch 4: 100%|██████████| 44/44 [01:48<00:00,  1.95s/it, Loss=0.0065][A
                                                                     [AEpochs (PACS - Domain 0):  60%|██████    | 3/5 [07:19<03:39, 109.76s/it, Avg Loss=0.0321]Epochs (PACS - Domain 0):  80%|████████  | 4/5 [07:19<01:49, 109.24s/it, Avg Loss=0.0321]
Epoch 5:   0%|          | 0/44 [00:00<?, ?it/s][A
Epoch 5:   0%|          | 0/44 [00:02<?, ?it/s, Loss=0.0143][A
Epoch 5:   2%|▏         | 1/44 [00:02<01:47,  2.51s/it, Loss=0.0143][A
Epoch 5:   2%|▏         | 1/44 [00:05<01:47,  2.51s/it, Loss=0.0096][A
Epoch 5:   5%|▍         | 2/44 [00:05<01:46,  2.52s/it, Loss=0.0096][A
Epoch 5:   5%|▍         | 2/44 [00:07<01:46,  2.52s/it, Loss=0.0219][A
Epoch 5:   7%|▋         | 3/44 [00:07<01:44,  2.55s/it, Loss=0.0219][A
Epoch 5:   7%|▋         | 3/44 [00:10<01:44,  2.55s/it, Loss=0.0553][A
Epoch 5:   9%|▉         | 4/44 [00:10<01:41,  2.53s/it, Loss=0.0553][A
Epoch 5:   9%|▉         | 4/44 [00:12<01:41,  2.53s/it, Loss=0.0132][A
Epoch 5:  11%|█▏        | 5/44 [00:12<01:38,  2.52s/it, Loss=0.0132][A
Epoch 5:  11%|█▏        | 5/44 [00:15<01:38,  2.52s/it, Loss=0.0310][A
Epoch 5:  14%|█▎        | 6/44 [00:15<01:35,  2.52s/it, Loss=0.0310][A
Epoch 5:  14%|█▎        | 6/44 [00:17<01:35,  2.52s/it, Loss=0.0082][A
Epoch 5:  16%|█▌        | 7/44 [00:17<01:32,  2.51s/it, Loss=0.0082][A
Epoch 5:  16%|█▌        | 7/44 [00:20<01:32,  2.51s/it, Loss=0.0117][A
Epoch 5:  18%|█▊        | 8/44 [00:20<01:30,  2.51s/it, Loss=0.0117][A
Epoch 5:  18%|█▊        | 8/44 [00:22<01:30,  2.51s/it, Loss=0.0138][A
Epoch 5:  20%|██        | 9/44 [00:22<01:27,  2.51s/it, Loss=0.0138][A
Epoch 5:  20%|██        | 9/44 [00:25<01:27,  2.51s/it, Loss=0.0060][A
Epoch 5:  23%|██▎       | 10/44 [00:25<01:25,  2.51s/it, Loss=0.0060][A
Epoch 5:  23%|██▎       | 10/44 [00:27<01:25,  2.51s/it, Loss=0.0096][A
Epoch 5:  25%|██▌       | 11/44 [00:27<01:22,  2.51s/it, Loss=0.0096][A
Epoch 5:  25%|██▌       | 11/44 [00:30<01:22,  2.51s/it, Loss=0.0278][A
Epoch 5:  27%|██▋       | 12/44 [00:30<01:20,  2.51s/it, Loss=0.0278][A
Epoch 5:  27%|██▋       | 12/44 [00:32<01:20,  2.51s/it, Loss=0.0172][A
Epoch 5:  30%|██▉       | 13/44 [00:32<01:17,  2.50s/it, Loss=0.0172][A
Epoch 5:  30%|██▉       | 13/44 [00:35<01:17,  2.50s/it, Loss=0.0085][A
Epoch 5:  32%|███▏      | 14/44 [00:35<01:15,  2.50s/it, Loss=0.0085][A
Epoch 5:  32%|███▏      | 14/44 [00:37<01:15,  2.50s/it, Loss=0.0054][A
Epoch 5:  34%|███▍      | 15/44 [00:37<01:12,  2.50s/it, Loss=0.0054][A
Epoch 5:  34%|███▍      | 15/44 [00:40<01:12,  2.50s/it, Loss=0.0180][A
Epoch 5:  36%|███▋      | 16/44 [00:40<01:10,  2.50s/it, Loss=0.0180][A
Epoch 5:  36%|███▋      | 16/44 [00:42<01:10,  2.50s/it, Loss=0.0106][A
Epoch 5:  39%|███▊      | 17/44 [00:42<01:07,  2.50s/it, Loss=0.0106][A
Epoch 5:  39%|███▊      | 17/44 [00:45<01:07,  2.50s/it, Loss=0.0123][A
Epoch 5:  41%|████      | 18/44 [00:45<01:05,  2.50s/it, Loss=0.0123][A
Epoch 5:  41%|████      | 18/44 [00:47<01:05,  2.50s/it, Loss=0.0073][A
Epoch 5:  43%|████▎     | 19/44 [00:47<01:02,  2.50s/it, Loss=0.0073][A
Epoch 5:  43%|████▎     | 19/44 [00:50<01:02,  2.50s/it, Loss=0.0067][A
Epoch 5:  45%|████▌     | 20/44 [00:50<01:00,  2.50s/it, Loss=0.0067][A
Epoch 5:  45%|████▌     | 20/44 [00:52<01:00,  2.50s/it, Loss=0.0042][A
Epoch 5:  48%|████▊     | 21/44 [00:52<00:57,  2.50s/it, Loss=0.0042][A
Epoch 5:  48%|████▊     | 21/44 [00:55<00:57,  2.50s/it, Loss=0.0121][A
Epoch 5:  50%|█████     | 22/44 [00:55<00:55,  2.50s/it, Loss=0.0121][A
Epoch 5:  50%|█████     | 22/44 [00:57<00:55,  2.50s/it, Loss=0.0056][A
Epoch 5:  52%|█████▏    | 23/44 [00:57<00:52,  2.50s/it, Loss=0.0056][A
Epoch 5:  52%|█████▏    | 23/44 [01:00<00:52,  2.50s/it, Loss=0.0073][A
Epoch 5:  55%|█████▍    | 24/44 [01:00<00:50,  2.50s/it, Loss=0.0073][A
Epoch 5:  55%|█████▍    | 24/44 [01:02<00:50,  2.50s/it, Loss=0.0090][A
Epoch 5:  57%|█████▋    | 25/44 [01:02<00:47,  2.50s/it, Loss=0.0090][A
Epoch 5:  57%|█████▋    | 25/44 [01:05<00:47,  2.50s/it, Loss=0.0118][A
Epoch 5:  59%|█████▉    | 26/44 [01:05<00:45,  2.50s/it, Loss=0.0118][A
Epoch 5:  59%|█████▉    | 26/44 [01:07<00:45,  2.50s/it, Loss=0.0072][A
Epoch 5:  61%|██████▏   | 27/44 [01:07<00:42,  2.50s/it, Loss=0.0072][A
Epoch 5:  61%|██████▏   | 27/44 [01:10<00:42,  2.50s/it, Loss=0.0061][A
Epoch 5:  64%|██████▎   | 28/44 [01:10<00:40,  2.51s/it, Loss=0.0061][A
Epoch 5:  64%|██████▎   | 28/44 [01:12<00:40,  2.51s/it, Loss=0.0124][A
Epoch 5:  66%|██████▌   | 29/44 [01:12<00:37,  2.51s/it, Loss=0.0124][A
Epoch 5:  66%|██████▌   | 29/44 [01:15<00:37,  2.51s/it, Loss=0.0074][A
Epoch 5:  68%|██████▊   | 30/44 [01:15<00:35,  2.51s/it, Loss=0.0074][A
Epoch 5:  68%|██████▊   | 30/44 [01:17<00:35,  2.51s/it, Loss=0.0187][A
Epoch 5:  70%|███████   | 31/44 [01:17<00:32,  2.50s/it, Loss=0.0187][A
Epoch 5:  70%|███████   | 31/44 [01:20<00:32,  2.50s/it, Loss=0.0050][A
Epoch 5:  73%|███████▎  | 32/44 [01:20<00:30,  2.50s/it, Loss=0.0050][A
Epoch 5:  73%|███████▎  | 32/44 [01:22<00:30,  2.50s/it, Loss=0.0042][A
Epoch 5:  75%|███████▌  | 33/44 [01:22<00:27,  2.50s/it, Loss=0.0042][A
Epoch 5:  75%|███████▌  | 33/44 [01:25<00:27,  2.50s/it, Loss=0.0062][A
Epoch 5:  77%|███████▋  | 34/44 [01:25<00:25,  2.50s/it, Loss=0.0062][A
Epoch 5:  77%|███████▋  | 34/44 [01:27<00:25,  2.50s/it, Loss=0.0127][A
Epoch 5:  80%|███████▉  | 35/44 [01:27<00:22,  2.51s/it, Loss=0.0127][A
Epoch 5:  80%|███████▉  | 35/44 [01:30<00:22,  2.51s/it, Loss=0.0055][A
Epoch 5:  82%|████████▏ | 36/44 [01:30<00:20,  2.51s/it, Loss=0.0055][A
Epoch 5:  82%|████████▏ | 36/44 [01:32<00:20,  2.51s/it, Loss=0.0076][A
Epoch 5:  84%|████████▍ | 37/44 [01:32<00:17,  2.50s/it, Loss=0.0076][A
Epoch 5:  84%|████████▍ | 37/44 [01:35<00:17,  2.50s/it, Loss=0.0076][A
Epoch 5:  86%|████████▋ | 38/44 [01:35<00:15,  2.50s/it, Loss=0.0076][A
Epoch 5:  86%|████████▋ | 38/44 [01:37<00:15,  2.50s/it, Loss=0.0108][A
Epoch 5:  89%|████████▊ | 39/44 [01:37<00:12,  2.50s/it, Loss=0.0108][A
Epoch 5:  89%|████████▊ | 39/44 [01:40<00:12,  2.50s/it, Loss=0.0077][A
Epoch 5:  91%|█████████ | 40/44 [01:40<00:10,  2.50s/it, Loss=0.0077][A
Epoch 5:  91%|█████████ | 40/44 [01:42<00:10,  2.50s/it, Loss=0.0083][A
Epoch 5:  93%|█████████▎| 41/44 [01:42<00:07,  2.50s/it, Loss=0.0083][A
Epoch 5:  93%|█████████▎| 41/44 [01:45<00:07,  2.50s/it, Loss=0.0103][A
Epoch 5:  95%|█████████▌| 42/44 [01:45<00:05,  2.50s/it, Loss=0.0103][A
Epoch 5:  95%|█████████▌| 42/44 [01:47<00:05,  2.50s/it, Loss=0.0039][A
Epoch 5:  98%|█████████▊| 43/44 [01:47<00:02,  2.50s/it, Loss=0.0039][A
Epoch 5:  98%|█████████▊| 43/44 [01:48<00:02,  2.50s/it, Loss=0.0035][A
Epoch 5: 100%|██████████| 44/44 [01:48<00:00,  1.94s/it, Loss=0.0035][A
                                                                     [AEpochs (PACS - Domain 0):  80%|████████  | 4/5 [09:07<01:49, 109.24s/it, Avg Loss=0.0114]Epochs (PACS - Domain 0): 100%|██████████| 5/5 [09:07<00:00, 108.94s/it, Avg Loss=0.0114]Epochs (PACS - Domain 0): 100%|██████████| 5/5 [09:07<00:00, 109.57s/it, Avg Loss=0.0114]
Traceback (most recent call last):
  File "/leonardo_scratch/fast/IscrC_FoundCL/cl/lora-CL/l2/lib/python3.10/site-packages/peft/peft_model.py", line 540, in __getattr__
    return super().__getattr__(name)  # defer to nn.Module's logic
  File "/leonardo_scratch/fast/IscrC_FoundCL/cl/lora-CL/l2/lib/python3.10/site-packages/torch/nn/modules/module.py", line 1709, in __getattr__
    raise AttributeError(f"'{type(self).__name__}' object has no attribute '{name}'")
AttributeError: 'PeftModel' object has no attribute 'save_pretained'

During handling of the above exception, another exception occurred:

Traceback (most recent call last):
  File "/leonardo_scratch/fast/IscrC_FoundCL/cl/lora-CL/l2/lib/python3.10/site-packages/peft/tuners/lora/model.py", line 311, in __getattr__
    return super().__getattr__(name)  # defer to nn.Module's logic
  File "/leonardo_scratch/fast/IscrC_FoundCL/cl/lora-CL/l2/lib/python3.10/site-packages/torch/nn/modules/module.py", line 1709, in __getattr__
    raise AttributeError(f"'{type(self).__name__}' object has no attribute '{name}'")
AttributeError: 'LoraModel' object has no attribute 'save_pretained'

During handling of the above exception, another exception occurred:

Traceback (most recent call last):
  File "/leonardo_scratch/fast/IscrC_FoundCL/cl/lora-CL/ratatouille/ood/main.py", line 26, in <module>
    run_experiment(args.config)
  File "/leonardo_scratch/fast/IscrC_FoundCL/cl/lora-CL/ratatouille/ood/main.py", line 16, in run_experiment
    train_main(config)
  File "/leonardo_scratch/fast/IscrC_FoundCL/cl/lora-CL/ratatouille/ood/experiments/train.py", line 31, in main
    model.train_auxiliary(
  File "/leonardo_scratch/fast/IscrC_FoundCL/cl/lora-CL/ratatouille/ood/models/ood_generalization_lora.py", line 78, in train_auxiliary
    lora_model.save_pretained(f"adapters/adapter_{adapter_name}_{task_id}")
  File "/leonardo_scratch/fast/IscrC_FoundCL/cl/lora-CL/l2/lib/python3.10/site-packages/peft/peft_model.py", line 542, in __getattr__
    return getattr(self.base_model, name)
  File "/leonardo_scratch/fast/IscrC_FoundCL/cl/lora-CL/l2/lib/python3.10/site-packages/peft/tuners/lora/model.py", line 313, in __getattr__
    return getattr(self.model, name)
  File "/leonardo_scratch/fast/IscrC_FoundCL/cl/lora-CL/l2/lib/python3.10/site-packages/torch/nn/modules/module.py", line 1709, in __getattr__
    raise AttributeError(f"'{type(self).__name__}' object has no attribute '{name}'")
AttributeError: 'VisionTransformer' object has no attribute 'save_pretained'. Did you mean: 'load_pretrained'?
