Epochs (PACS - Domain 0):   0%|          | 0/5 [00:00<?, ?it/s]
Epoch 1:   0%|          | 0/44 [00:00<?, ?it/s][A
Epoch 1:   0%|          | 0/44 [00:05<?, ?it/s, Loss=2.5810][A
Epoch 1:   2%|â–         | 1/44 [00:05<04:05,  5.71s/it, Loss=2.5810][A
Epoch 1:   2%|â–         | 1/44 [00:08<04:05,  5.71s/it, Loss=2.0705][A
Epoch 1:   5%|â–         | 2/44 [00:08<02:51,  4.08s/it, Loss=2.0705][A
Epoch 1:   5%|â–         | 2/44 [00:11<02:51,  4.08s/it, Loss=2.3744][A
Epoch 1:   7%|â–‹         | 3/44 [00:11<02:22,  3.48s/it, Loss=2.3744][A
Epoch 1:   7%|â–‹         | 3/44 [00:14<02:22,  3.48s/it, Loss=2.1961][A
Epoch 1:   9%|â–‰         | 4/44 [00:14<02:08,  3.22s/it, Loss=2.1961][A
Epoch 1:   9%|â–‰         | 4/44 [00:16<02:08,  3.22s/it, Loss=2.2792][A
Epoch 1:  11%|â–ˆâ–        | 5/44 [00:16<01:56,  2.98s/it, Loss=2.2792][A
Epoch 1:  11%|â–ˆâ–        | 5/44 [00:19<01:56,  2.98s/it, Loss=2.1813][A
Epoch 1:  14%|â–ˆâ–Ž        | 6/44 [00:19<01:48,  2.85s/it, Loss=2.1813][A
Epoch 1:  14%|â–ˆâ–Ž        | 6/44 [00:21<01:48,  2.85s/it, Loss=2.1732][A
Epoch 1:  16%|â–ˆâ–Œ        | 7/44 [00:21<01:42,  2.76s/it, Loss=2.1732][A
Epoch 1:  16%|â–ˆâ–Œ        | 7/44 [00:24<01:42,  2.76s/it, Loss=1.9966][A
Epoch 1:  18%|â–ˆâ–Š        | 8/44 [00:24<01:36,  2.69s/it, Loss=1.9966][A
Epoch 1:  18%|â–ˆâ–Š        | 8/44 [00:27<01:36,  2.69s/it, Loss=2.0584][A
Epoch 1:  20%|â–ˆâ–ˆ        | 9/44 [00:27<01:33,  2.68s/it, Loss=2.0584][A
Epoch 1:  20%|â–ˆâ–ˆ        | 9/44 [00:29<01:33,  2.68s/it, Loss=2.2747][A
Epoch 1:  23%|â–ˆâ–ˆâ–Ž       | 10/44 [00:29<01:29,  2.64s/it, Loss=2.2747][A
Epoch 1:  23%|â–ˆâ–ˆâ–Ž       | 10/44 [00:32<01:29,  2.64s/it, Loss=1.8856][A
Epoch 1:  25%|â–ˆâ–ˆâ–Œ       | 11/44 [00:32<01:26,  2.62s/it, Loss=1.8856][A
Epoch 1:  25%|â–ˆâ–ˆâ–Œ       | 11/44 [00:34<01:26,  2.62s/it, Loss=1.9226][A
Epoch 1:  27%|â–ˆâ–ˆâ–‹       | 12/44 [00:34<01:23,  2.60s/it, Loss=1.9226][A
Epoch 1:  27%|â–ˆâ–ˆâ–‹       | 12/44 [00:37<01:23,  2.60s/it, Loss=1.9863][A
Epoch 1:  30%|â–ˆâ–ˆâ–‰       | 13/44 [00:37<01:20,  2.59s/it, Loss=1.9863][A
Epoch 1:  30%|â–ˆâ–ˆâ–‰       | 13/44 [00:40<01:20,  2.59s/it, Loss=1.8882][A
Epoch 1:  32%|â–ˆâ–ˆâ–ˆâ–      | 14/44 [00:40<01:17,  2.59s/it, Loss=1.8882][A
Epoch 1:  32%|â–ˆâ–ˆâ–ˆâ–      | 14/44 [00:42<01:17,  2.59s/it, Loss=1.7600][A
Epoch 1:  34%|â–ˆâ–ˆâ–ˆâ–      | 15/44 [00:42<01:14,  2.58s/it, Loss=1.7600][A
Epoch 1:  34%|â–ˆâ–ˆâ–ˆâ–      | 15/44 [00:45<01:14,  2.58s/it, Loss=1.7118][A
Epoch 1:  36%|â–ˆâ–ˆâ–ˆâ–‹      | 16/44 [00:45<01:12,  2.58s/it, Loss=1.7118][A
Epoch 1:  36%|â–ˆâ–ˆâ–ˆâ–‹      | 16/44 [00:47<01:12,  2.58s/it, Loss=1.9126][A
Epoch 1:  39%|â–ˆâ–ˆâ–ˆâ–Š      | 17/44 [00:47<01:09,  2.57s/it, Loss=1.9126][A
Epoch 1:  39%|â–ˆâ–ˆâ–ˆâ–Š      | 17/44 [00:50<01:09,  2.57s/it, Loss=1.6114][A
Epoch 1:  41%|â–ˆâ–ˆâ–ˆâ–ˆ      | 18/44 [00:50<01:06,  2.57s/it, Loss=1.6114][A
Epoch 1:  41%|â–ˆâ–ˆâ–ˆâ–ˆ      | 18/44 [00:52<01:06,  2.57s/it, Loss=1.8337][A
Epoch 1:  43%|â–ˆâ–ˆâ–ˆâ–ˆâ–Ž     | 19/44 [00:52<01:04,  2.56s/it, Loss=1.8337][A
Epoch 1:  43%|â–ˆâ–ˆâ–ˆâ–ˆâ–Ž     | 19/44 [00:55<01:04,  2.56s/it, Loss=1.8613][A
Epoch 1:  45%|â–ˆâ–ˆâ–ˆâ–ˆâ–Œ     | 20/44 [00:55<01:01,  2.56s/it, Loss=1.8613][A
Epoch 1:  45%|â–ˆâ–ˆâ–ˆâ–ˆâ–Œ     | 20/44 [00:57<01:01,  2.56s/it, Loss=1.7857][A
Epoch 1:  48%|â–ˆâ–ˆâ–ˆâ–ˆâ–Š     | 21/44 [00:57<00:58,  2.56s/it, Loss=1.7857][A
Epoch 1:  48%|â–ˆâ–ˆâ–ˆâ–ˆâ–Š     | 21/44 [01:00<00:58,  2.56s/it, Loss=1.6976][A
Epoch 1:  50%|â–ˆâ–ˆâ–ˆâ–ˆâ–ˆ     | 22/44 [01:00<00:58,  2.67s/it, Loss=1.6976][A
Epoch 1:  50%|â–ˆâ–ˆâ–ˆâ–ˆâ–ˆ     | 22/44 [01:03<00:58,  2.67s/it, Loss=1.8610][A
Epoch 1:  52%|â–ˆâ–ˆâ–ˆâ–ˆâ–ˆâ–    | 23/44 [01:03<00:55,  2.64s/it, Loss=1.8610][A
Epoch 1:  52%|â–ˆâ–ˆâ–ˆâ–ˆâ–ˆâ–    | 23/44 [01:05<00:55,  2.64s/it, Loss=1.6554][A
Epoch 1:  55%|â–ˆâ–ˆâ–ˆâ–ˆâ–ˆâ–    | 24/44 [01:05<00:52,  2.62s/it, Loss=1.6554][A
Epoch 1:  55%|â–ˆâ–ˆâ–ˆâ–ˆâ–ˆâ–    | 24/44 [01:08<00:52,  2.62s/it, Loss=1.4543][A
Epoch 1:  57%|â–ˆâ–ˆâ–ˆâ–ˆâ–ˆâ–‹    | 25/44 [01:08<00:49,  2.60s/it, Loss=1.4543][A
Epoch 1:  57%|â–ˆâ–ˆâ–ˆâ–ˆâ–ˆâ–‹    | 25/44 [01:11<00:49,  2.60s/it, Loss=1.5106][A
Epoch 1:  59%|â–ˆâ–ˆâ–ˆâ–ˆâ–ˆâ–‰    | 26/44 [01:11<00:46,  2.59s/it, Loss=1.5106][A
Epoch 1:  59%|â–ˆâ–ˆâ–ˆâ–ˆâ–ˆâ–‰    | 26/44 [01:13<00:46,  2.59s/it, Loss=1.5840][A
Epoch 1:  61%|â–ˆâ–ˆâ–ˆâ–ˆâ–ˆâ–ˆâ–   | 27/44 [01:13<00:43,  2.58s/it, Loss=1.5840][A
Epoch 1:  61%|â–ˆâ–ˆâ–ˆâ–ˆâ–ˆâ–ˆâ–   | 27/44 [01:16<00:43,  2.58s/it, Loss=1.6137][A
Epoch 1:  64%|â–ˆâ–ˆâ–ˆâ–ˆâ–ˆâ–ˆâ–Ž   | 28/44 [01:16<00:41,  2.57s/it, Loss=1.6137][A
Epoch 1:  64%|â–ˆâ–ˆâ–ˆâ–ˆâ–ˆâ–ˆâ–Ž   | 28/44 [01:18<00:41,  2.57s/it, Loss=1.4837][A
Epoch 1:  66%|â–ˆâ–ˆâ–ˆâ–ˆâ–ˆâ–ˆâ–Œ   | 29/44 [01:18<00:38,  2.57s/it, Loss=1.4837][A
Epoch 1:  66%|â–ˆâ–ˆâ–ˆâ–ˆâ–ˆâ–ˆâ–Œ   | 29/44 [01:21<00:38,  2.57s/it, Loss=1.4504][A
Epoch 1:  68%|â–ˆâ–ˆâ–ˆâ–ˆâ–ˆâ–ˆâ–Š   | 30/44 [01:21<00:35,  2.57s/it, Loss=1.4504][A
Epoch 1:  68%|â–ˆâ–ˆâ–ˆâ–ˆâ–ˆâ–ˆâ–Š   | 30/44 [01:23<00:35,  2.57s/it, Loss=1.4174][A
Epoch 1:  70%|â–ˆâ–ˆâ–ˆâ–ˆâ–ˆâ–ˆâ–ˆ   | 31/44 [01:23<00:33,  2.56s/it, Loss=1.4174][A
Epoch 1:  70%|â–ˆâ–ˆâ–ˆâ–ˆâ–ˆâ–ˆâ–ˆ   | 31/44 [01:26<00:33,  2.56s/it, Loss=1.3661][A
Epoch 1:  73%|â–ˆâ–ˆâ–ˆâ–ˆâ–ˆâ–ˆâ–ˆâ–Ž  | 32/44 [01:26<00:30,  2.57s/it, Loss=1.3661][A
Epoch 1:  73%|â–ˆâ–ˆâ–ˆâ–ˆâ–ˆâ–ˆâ–ˆâ–Ž  | 32/44 [01:29<00:30,  2.57s/it, Loss=1.4046][A
Epoch 1:  75%|â–ˆâ–ˆâ–ˆâ–ˆâ–ˆâ–ˆâ–ˆâ–Œ  | 33/44 [01:29<00:28,  2.56s/it, Loss=1.4046][A
Epoch 1:  75%|â–ˆâ–ˆâ–ˆâ–ˆâ–ˆâ–ˆâ–ˆâ–Œ  | 33/44 [01:32<00:28,  2.56s/it, Loss=1.3522][A
Epoch 1:  77%|â–ˆâ–ˆâ–ˆâ–ˆâ–ˆâ–ˆâ–ˆâ–‹  | 34/44 [01:32<00:26,  2.69s/it, Loss=1.3522][A
Epoch 1:  77%|â–ˆâ–ˆâ–ˆâ–ˆâ–ˆâ–ˆâ–ˆâ–‹  | 34/44 [01:34<00:26,  2.69s/it, Loss=1.4070][A
Epoch 1:  80%|â–ˆâ–ˆâ–ˆâ–ˆâ–ˆâ–ˆâ–ˆâ–‰  | 35/44 [01:34<00:23,  2.65s/it, Loss=1.4070][A
Epoch 1:  80%|â–ˆâ–ˆâ–ˆâ–ˆâ–ˆâ–ˆâ–ˆâ–‰  | 35/44 [01:37<00:23,  2.65s/it, Loss=1.2166][A
Epoch 1:  82%|â–ˆâ–ˆâ–ˆâ–ˆâ–ˆâ–ˆâ–ˆâ–ˆâ– | 36/44 [01:37<00:20,  2.62s/it, Loss=1.2166][A
Epoch 1:  82%|â–ˆâ–ˆâ–ˆâ–ˆâ–ˆâ–ˆâ–ˆâ–ˆâ– | 36/44 [01:39<00:20,  2.62s/it, Loss=1.3878][A
Epoch 1:  84%|â–ˆâ–ˆâ–ˆâ–ˆâ–ˆâ–ˆâ–ˆâ–ˆâ– | 37/44 [01:39<00:18,  2.60s/it, Loss=1.3878][A
Epoch 1:  84%|â–ˆâ–ˆâ–ˆâ–ˆâ–ˆâ–ˆâ–ˆâ–ˆâ– | 37/44 [01:42<00:18,  2.60s/it, Loss=1.0701][A
Epoch 1:  86%|â–ˆâ–ˆâ–ˆâ–ˆâ–ˆâ–ˆâ–ˆâ–ˆâ–‹ | 38/44 [01:42<00:15,  2.59s/it, Loss=1.0701][A
Epoch 1:  86%|â–ˆâ–ˆâ–ˆâ–ˆâ–ˆâ–ˆâ–ˆâ–ˆâ–‹ | 38/44 [01:44<00:15,  2.59s/it, Loss=1.2746][A
Epoch 1:  89%|â–ˆâ–ˆâ–ˆâ–ˆâ–ˆâ–ˆâ–ˆâ–ˆâ–Š | 39/44 [01:44<00:12,  2.58s/it, Loss=1.2746][A
Epoch 1:  89%|â–ˆâ–ˆâ–ˆâ–ˆâ–ˆâ–ˆâ–ˆâ–ˆâ–Š | 39/44 [01:47<00:12,  2.58s/it, Loss=1.1810][A
Epoch 1:  91%|â–ˆâ–ˆâ–ˆâ–ˆâ–ˆâ–ˆâ–ˆâ–ˆâ–ˆ | 40/44 [01:47<00:10,  2.57s/it, Loss=1.1810][A
Epoch 1:  91%|â–ˆâ–ˆâ–ˆâ–ˆâ–ˆâ–ˆâ–ˆâ–ˆâ–ˆ | 40/44 [01:49<00:10,  2.57s/it, Loss=1.0734][A
Epoch 1:  93%|â–ˆâ–ˆâ–ˆâ–ˆâ–ˆâ–ˆâ–ˆâ–ˆâ–ˆâ–Ž| 41/44 [01:49<00:07,  2.56s/it, Loss=1.0734][A
Epoch 1:  93%|â–ˆâ–ˆâ–ˆâ–ˆâ–ˆâ–ˆâ–ˆâ–ˆâ–ˆâ–Ž| 41/44 [01:52<00:07,  2.56s/it, Loss=1.0924][A
Epoch 1:  95%|â–ˆâ–ˆâ–ˆâ–ˆâ–ˆâ–ˆâ–ˆâ–ˆâ–ˆâ–Œ| 42/44 [01:52<00:05,  2.56s/it, Loss=1.0924][A
Epoch 1:  95%|â–ˆâ–ˆâ–ˆâ–ˆâ–ˆâ–ˆâ–ˆâ–ˆâ–ˆâ–Œ| 42/44 [01:55<00:05,  2.56s/it, Loss=1.0343][A
Epoch 1:  98%|â–ˆâ–ˆâ–ˆâ–ˆâ–ˆâ–ˆâ–ˆâ–ˆâ–ˆâ–Š| 43/44 [01:55<00:02,  2.56s/it, Loss=1.0343][A
Epoch 1:  98%|â–ˆâ–ˆâ–ˆâ–ˆâ–ˆâ–ˆâ–ˆâ–ˆâ–ˆâ–Š| 43/44 [01:55<00:02,  2.56s/it, Loss=1.2841][A
Epoch 1: 100%|â–ˆâ–ˆâ–ˆâ–ˆâ–ˆâ–ˆâ–ˆâ–ˆâ–ˆâ–ˆ| 44/44 [01:55<00:00,  1.99s/it, Loss=1.2841][A
                                                                     [AEpochs (PACS - Domain 0):   0%|          | 0/5 [01:55<?, ?it/s, Avg Loss=1.6867]Epochs (PACS - Domain 0):  20%|â–ˆâ–ˆ        | 1/5 [01:55<07:42, 115.67s/it, Avg Loss=1.6867]
Epoch 2:   0%|          | 0/44 [00:00<?, ?it/s][A
Epoch 2:   0%|          | 0/44 [00:02<?, ?it/s, Loss=0.9324][A
Epoch 2:   2%|â–         | 1/44 [00:02<01:48,  2.52s/it, Loss=0.9324][A
Epoch 2:   2%|â–         | 1/44 [00:05<01:48,  2.52s/it, Loss=0.7907][A
Epoch 2:   5%|â–         | 2/44 [00:05<01:46,  2.53s/it, Loss=0.7907][A
Epoch 2:   5%|â–         | 2/44 [00:07<01:46,  2.53s/it, Loss=0.7459][A
Epoch 2:   7%|â–‹         | 3/44 [00:07<01:43,  2.54s/it, Loss=0.7459][A
Epoch 2:   7%|â–‹         | 3/44 [00:10<01:43,  2.54s/it, Loss=0.8724][A
Epoch 2:   9%|â–‰         | 4/44 [00:10<01:41,  2.54s/it, Loss=0.8724][A
Epoch 2:   9%|â–‰         | 4/44 [00:12<01:41,  2.54s/it, Loss=0.7247][A
Epoch 2:  11%|â–ˆâ–        | 5/44 [00:12<01:38,  2.53s/it, Loss=0.7247][A
Epoch 2:  11%|â–ˆâ–        | 5/44 [00:15<01:38,  2.53s/it, Loss=0.6208][A
Epoch 2:  14%|â–ˆâ–Ž        | 6/44 [00:15<01:36,  2.54s/it, Loss=0.6208][A
Epoch 2:  14%|â–ˆâ–Ž        | 6/44 [00:17<01:36,  2.54s/it, Loss=0.7129][A
Epoch 2:  16%|â–ˆâ–Œ        | 7/44 [00:17<01:33,  2.54s/it, Loss=0.7129][A
Epoch 2:  16%|â–ˆâ–Œ        | 7/44 [00:20<01:33,  2.54s/it, Loss=0.7198][A
Epoch 2:  18%|â–ˆâ–Š        | 8/44 [00:20<01:31,  2.54s/it, Loss=0.7198][A
Epoch 2:  18%|â–ˆâ–Š        | 8/44 [00:22<01:31,  2.54s/it, Loss=0.5273][A
Epoch 2:  20%|â–ˆâ–ˆ        | 9/44 [00:22<01:28,  2.54s/it, Loss=0.5273][A
Epoch 2:  20%|â–ˆâ–ˆ        | 9/44 [00:25<01:28,  2.54s/it, Loss=0.5334][A
Epoch 2:  23%|â–ˆâ–ˆâ–Ž       | 10/44 [00:25<01:26,  2.53s/it, Loss=0.5334][A
Epoch 2:  23%|â–ˆâ–ˆâ–Ž       | 10/44 [00:27<01:26,  2.53s/it, Loss=0.6545][A
Epoch 2:  25%|â–ˆâ–ˆâ–Œ       | 11/44 [00:27<01:23,  2.53s/it, Loss=0.6545][A
Epoch 2:  25%|â–ˆâ–ˆâ–Œ       | 11/44 [00:30<01:23,  2.53s/it, Loss=0.6144][A
Epoch 2:  27%|â–ˆâ–ˆâ–‹       | 12/44 [00:30<01:21,  2.54s/it, Loss=0.6144][A
Epoch 2:  27%|â–ˆâ–ˆâ–‹       | 12/44 [00:32<01:21,  2.54s/it, Loss=0.4694][A
Epoch 2:  30%|â–ˆâ–ˆâ–‰       | 13/44 [00:32<01:18,  2.53s/it, Loss=0.4694][A
Epoch 2:  30%|â–ˆâ–ˆâ–‰       | 13/44 [00:35<01:18,  2.53s/it, Loss=0.3959][A
Epoch 2:  32%|â–ˆâ–ˆâ–ˆâ–      | 14/44 [00:35<01:15,  2.53s/it, Loss=0.3959][A
Epoch 2:  32%|â–ˆâ–ˆâ–ˆâ–      | 14/44 [00:38<01:15,  2.53s/it, Loss=0.6753][A
Epoch 2:  34%|â–ˆâ–ˆâ–ˆâ–      | 15/44 [00:38<01:13,  2.54s/it, Loss=0.6753][A
Epoch 2:  34%|â–ˆâ–ˆâ–ˆâ–      | 15/44 [00:40<01:13,  2.54s/it, Loss=0.2922][A
Epoch 2:  36%|â–ˆâ–ˆâ–ˆâ–‹      | 16/44 [00:40<01:11,  2.54s/it, Loss=0.2922][A
Epoch 2:  36%|â–ˆâ–ˆâ–ˆâ–‹      | 16/44 [00:43<01:11,  2.54s/it, Loss=0.3008][A
Epoch 2:  39%|â–ˆâ–ˆâ–ˆâ–Š      | 17/44 [00:43<01:08,  2.54s/it, Loss=0.3008][A
Epoch 2:  39%|â–ˆâ–ˆâ–ˆâ–Š      | 17/44 [00:45<01:08,  2.54s/it, Loss=0.4459][A
Epoch 2:  41%|â–ˆâ–ˆâ–ˆâ–ˆ      | 18/44 [00:45<01:06,  2.54s/it, Loss=0.4459][A
Epoch 2:  41%|â–ˆâ–ˆâ–ˆâ–ˆ      | 18/44 [00:48<01:06,  2.54s/it, Loss=0.3636][A
Epoch 2:  43%|â–ˆâ–ˆâ–ˆâ–ˆâ–Ž     | 19/44 [00:48<01:03,  2.54s/it, Loss=0.3636][A
Epoch 2:  43%|â–ˆâ–ˆâ–ˆâ–ˆâ–Ž     | 19/44 [00:50<01:03,  2.54s/it, Loss=0.3513][A
Epoch 2:  45%|â–ˆâ–ˆâ–ˆâ–ˆâ–Œ     | 20/44 [00:50<01:00,  2.54s/it, Loss=0.3513][A
Epoch 2:  45%|â–ˆâ–ˆâ–ˆâ–ˆâ–Œ     | 20/44 [00:53<01:00,  2.54s/it, Loss=0.4842][A
Epoch 2:  48%|â–ˆâ–ˆâ–ˆâ–ˆâ–Š     | 21/44 [00:53<00:58,  2.54s/it, Loss=0.4842][A
Epoch 2:  48%|â–ˆâ–ˆâ–ˆâ–ˆâ–Š     | 21/44 [00:55<00:58,  2.54s/it, Loss=0.2445][A
Epoch 2:  50%|â–ˆâ–ˆâ–ˆâ–ˆâ–ˆ     | 22/44 [00:55<00:55,  2.54s/it, Loss=0.2445][A
Epoch 2:  50%|â–ˆâ–ˆâ–ˆâ–ˆâ–ˆ     | 22/44 [00:58<00:55,  2.54s/it, Loss=0.3773][A
Epoch 2:  52%|â–ˆâ–ˆâ–ˆâ–ˆâ–ˆâ–    | 23/44 [00:58<00:53,  2.54s/it, Loss=0.3773][A
Epoch 2:  52%|â–ˆâ–ˆâ–ˆâ–ˆâ–ˆâ–    | 23/44 [01:00<00:53,  2.54s/it, Loss=0.3273][A
Epoch 2:  55%|â–ˆâ–ˆâ–ˆâ–ˆâ–ˆâ–    | 24/44 [01:00<00:50,  2.54s/it, Loss=0.3273][A
Epoch 2:  55%|â–ˆâ–ˆâ–ˆâ–ˆâ–ˆâ–    | 24/44 [01:03<00:50,  2.54s/it, Loss=0.3340][A
Epoch 2:  57%|â–ˆâ–ˆâ–ˆâ–ˆâ–ˆâ–‹    | 25/44 [01:03<00:48,  2.54s/it, Loss=0.3340][A
Epoch 2:  57%|â–ˆâ–ˆâ–ˆâ–ˆâ–ˆâ–‹    | 25/44 [01:05<00:48,  2.54s/it, Loss=0.2455][A
Epoch 2:  59%|â–ˆâ–ˆâ–ˆâ–ˆâ–ˆâ–‰    | 26/44 [01:05<00:45,  2.54s/it, Loss=0.2455][A
Epoch 2:  59%|â–ˆâ–ˆâ–ˆâ–ˆâ–ˆâ–‰    | 26/44 [01:08<00:45,  2.54s/it, Loss=0.4975][A
Epoch 2:  61%|â–ˆâ–ˆâ–ˆâ–ˆâ–ˆâ–ˆâ–   | 27/44 [01:08<00:43,  2.53s/it, Loss=0.4975][A
Epoch 2:  61%|â–ˆâ–ˆâ–ˆâ–ˆâ–ˆâ–ˆâ–   | 27/44 [01:11<00:43,  2.53s/it, Loss=0.2822][A
Epoch 2:  64%|â–ˆâ–ˆâ–ˆâ–ˆâ–ˆâ–ˆâ–Ž   | 28/44 [01:11<00:40,  2.54s/it, Loss=0.2822][A
Epoch 2:  64%|â–ˆâ–ˆâ–ˆâ–ˆâ–ˆâ–ˆâ–Ž   | 28/44 [01:13<00:40,  2.54s/it, Loss=0.3098][A
Epoch 2:  66%|â–ˆâ–ˆâ–ˆâ–ˆâ–ˆâ–ˆâ–Œ   | 29/44 [01:13<00:38,  2.53s/it, Loss=0.3098][A
Epoch 2:  66%|â–ˆâ–ˆâ–ˆâ–ˆâ–ˆâ–ˆâ–Œ   | 29/44 [01:16<00:38,  2.53s/it, Loss=0.1366][A
Epoch 2:  68%|â–ˆâ–ˆâ–ˆâ–ˆâ–ˆâ–ˆâ–Š   | 30/44 [01:16<00:35,  2.53s/it, Loss=0.1366][A
Epoch 2:  68%|â–ˆâ–ˆâ–ˆâ–ˆâ–ˆâ–ˆâ–Š   | 30/44 [01:18<00:35,  2.53s/it, Loss=0.2107][A
Epoch 2:  70%|â–ˆâ–ˆâ–ˆâ–ˆâ–ˆâ–ˆâ–ˆ   | 31/44 [01:18<00:32,  2.53s/it, Loss=0.2107][A
Epoch 2:  70%|â–ˆâ–ˆâ–ˆâ–ˆâ–ˆâ–ˆâ–ˆ   | 31/44 [01:21<00:32,  2.53s/it, Loss=0.3003][A
Epoch 2:  73%|â–ˆâ–ˆâ–ˆâ–ˆâ–ˆâ–ˆâ–ˆâ–Ž  | 32/44 [01:21<00:30,  2.53s/it, Loss=0.3003][A
Epoch 2:  73%|â–ˆâ–ˆâ–ˆâ–ˆâ–ˆâ–ˆâ–ˆâ–Ž  | 32/44 [01:23<00:30,  2.53s/it, Loss=0.1192][A
Epoch 2:  75%|â–ˆâ–ˆâ–ˆâ–ˆâ–ˆâ–ˆâ–ˆâ–Œ  | 33/44 [01:23<00:27,  2.53s/it, Loss=0.1192][A
Epoch 2:  75%|â–ˆâ–ˆâ–ˆâ–ˆâ–ˆâ–ˆâ–ˆâ–Œ  | 33/44 [01:26<00:27,  2.53s/it, Loss=0.1102][A
Epoch 2:  77%|â–ˆâ–ˆâ–ˆâ–ˆâ–ˆâ–ˆâ–ˆâ–‹  | 34/44 [01:26<00:25,  2.53s/it, Loss=0.1102][A
Epoch 2:  77%|â–ˆâ–ˆâ–ˆâ–ˆâ–ˆâ–ˆâ–ˆâ–‹  | 34/44 [01:28<00:25,  2.53s/it, Loss=0.2073][A
Epoch 2:  80%|â–ˆâ–ˆâ–ˆâ–ˆâ–ˆâ–ˆâ–ˆâ–‰  | 35/44 [01:28<00:22,  2.54s/it, Loss=0.2073][A
Epoch 2:  80%|â–ˆâ–ˆâ–ˆâ–ˆâ–ˆâ–ˆâ–ˆâ–‰  | 35/44 [01:31<00:22,  2.54s/it, Loss=0.2898][A
Epoch 2:  82%|â–ˆâ–ˆâ–ˆâ–ˆâ–ˆâ–ˆâ–ˆâ–ˆâ– | 36/44 [01:31<00:20,  2.54s/it, Loss=0.2898][A
Epoch 2:  82%|â–ˆâ–ˆâ–ˆâ–ˆâ–ˆâ–ˆâ–ˆâ–ˆâ– | 36/44 [01:33<00:20,  2.54s/it, Loss=0.2951][A
Epoch 2:  84%|â–ˆâ–ˆâ–ˆâ–ˆâ–ˆâ–ˆâ–ˆâ–ˆâ– | 37/44 [01:33<00:17,  2.54s/it, Loss=0.2951][A
Epoch 2:  84%|â–ˆâ–ˆâ–ˆâ–ˆâ–ˆâ–ˆâ–ˆâ–ˆâ– | 37/44 [01:36<00:17,  2.54s/it, Loss=0.1229][A
Epoch 2:  86%|â–ˆâ–ˆâ–ˆâ–ˆâ–ˆâ–ˆâ–ˆâ–ˆâ–‹ | 38/44 [01:36<00:15,  2.54s/it, Loss=0.1229][A
Epoch 2:  86%|â–ˆâ–ˆâ–ˆâ–ˆâ–ˆâ–ˆâ–ˆâ–ˆâ–‹ | 38/44 [01:38<00:15,  2.54s/it, Loss=0.0672][A
Epoch 2:  89%|â–ˆâ–ˆâ–ˆâ–ˆâ–ˆâ–ˆâ–ˆâ–ˆâ–Š | 39/44 [01:38<00:12,  2.53s/it, Loss=0.0672][A
Epoch 2:  89%|â–ˆâ–ˆâ–ˆâ–ˆâ–ˆâ–ˆâ–ˆâ–ˆâ–Š | 39/44 [01:41<00:12,  2.53s/it, Loss=0.1578][A
Epoch 2:  91%|â–ˆâ–ˆâ–ˆâ–ˆâ–ˆâ–ˆâ–ˆâ–ˆâ–ˆ | 40/44 [01:41<00:10,  2.54s/it, Loss=0.1578][A
Epoch 2:  91%|â–ˆâ–ˆâ–ˆâ–ˆâ–ˆâ–ˆâ–ˆâ–ˆâ–ˆ | 40/44 [01:43<00:10,  2.54s/it, Loss=0.1777][A
Epoch 2:  93%|â–ˆâ–ˆâ–ˆâ–ˆâ–ˆâ–ˆâ–ˆâ–ˆâ–ˆâ–Ž| 41/44 [01:43<00:07,  2.54s/it, Loss=0.1777][A
Epoch 2:  93%|â–ˆâ–ˆâ–ˆâ–ˆâ–ˆâ–ˆâ–ˆâ–ˆâ–ˆâ–Ž| 41/44 [01:46<00:07,  2.54s/it, Loss=0.2024][A
Epoch 2:  95%|â–ˆâ–ˆâ–ˆâ–ˆâ–ˆâ–ˆâ–ˆâ–ˆâ–ˆâ–Œ| 42/44 [01:46<00:05,  2.54s/it, Loss=0.2024][A
Epoch 2:  95%|â–ˆâ–ˆâ–ˆâ–ˆâ–ˆâ–ˆâ–ˆâ–ˆâ–ˆâ–Œ| 42/44 [01:49<00:05,  2.54s/it, Loss=0.1917][A
Epoch 2:  98%|â–ˆâ–ˆâ–ˆâ–ˆâ–ˆâ–ˆâ–ˆâ–ˆâ–ˆâ–Š| 43/44 [01:49<00:02,  2.53s/it, Loss=0.1917][A
Epoch 2:  98%|â–ˆâ–ˆâ–ˆâ–ˆâ–ˆâ–ˆâ–ˆâ–ˆâ–ˆâ–Š| 43/44 [01:49<00:02,  2.53s/it, Loss=0.0663][A
Epoch 2: 100%|â–ˆâ–ˆâ–ˆâ–ˆâ–ˆâ–ˆâ–ˆâ–ˆâ–ˆâ–ˆ| 44/44 [01:49<00:00,  2.06s/it, Loss=0.0663][A
                                                                     [AEpochs (PACS - Domain 0):  20%|â–ˆâ–ˆ        | 1/5 [03:45<07:42, 115.67s/it, Avg Loss=0.3978]Epochs (PACS - Domain 0):  40%|â–ˆâ–ˆâ–ˆâ–ˆ      | 2/5 [03:45<05:36, 112.32s/it, Avg Loss=0.3978]
Epoch 3:   0%|          | 0/44 [00:00<?, ?it/s][A
Epoch 3:   0%|          | 0/44 [00:02<?, ?it/s, Loss=0.0999][A
Epoch 3:   2%|â–         | 1/44 [00:02<01:48,  2.53s/it, Loss=0.0999][A
Epoch 3:   2%|â–         | 1/44 [00:05<01:48,  2.53s/it, Loss=0.0744][A
Epoch 3:   5%|â–         | 2/44 [00:05<01:46,  2.54s/it, Loss=0.0744][A
Epoch 3:   5%|â–         | 2/44 [00:07<01:46,  2.54s/it, Loss=0.3097][A
Epoch 3:   7%|â–‹         | 3/44 [00:07<01:44,  2.54s/it, Loss=0.3097][A
Epoch 3:   7%|â–‹         | 3/44 [00:10<01:44,  2.54s/it, Loss=0.0522][A
Epoch 3:   9%|â–‰         | 4/44 [00:10<01:41,  2.53s/it, Loss=0.0522][A
Epoch 3:   9%|â–‰         | 4/44 [00:12<01:41,  2.53s/it, Loss=0.1016][A
Epoch 3:  11%|â–ˆâ–        | 5/44 [00:12<01:38,  2.53s/it, Loss=0.1016][A
Epoch 3:  11%|â–ˆâ–        | 5/44 [00:15<01:38,  2.53s/it, Loss=0.1398][A
Epoch 3:  14%|â–ˆâ–Ž        | 6/44 [00:15<01:36,  2.53s/it, Loss=0.1398][A
Epoch 3:  14%|â–ˆâ–Ž        | 6/44 [00:17<01:36,  2.53s/it, Loss=0.0347][A
Epoch 3:  16%|â–ˆâ–Œ        | 7/44 [00:17<01:33,  2.53s/it, Loss=0.0347][A
Epoch 3:  16%|â–ˆâ–Œ        | 7/44 [00:20<01:33,  2.53s/it, Loss=0.0591][A
Epoch 3:  18%|â–ˆâ–Š        | 8/44 [00:20<01:31,  2.53s/it, Loss=0.0591][A
Epoch 3:  18%|â–ˆâ–Š        | 8/44 [00:22<01:31,  2.53s/it, Loss=0.0586][A
Epoch 3:  20%|â–ˆâ–ˆ        | 9/44 [00:22<01:28,  2.54s/it, Loss=0.0586][A
Epoch 3:  20%|â–ˆâ–ˆ        | 9/44 [00:25<01:28,  2.54s/it, Loss=0.1006][A
Epoch 3:  23%|â–ˆâ–ˆâ–Ž       | 10/44 [00:25<01:26,  2.53s/it, Loss=0.1006][A
Epoch 3:  23%|â–ˆâ–ˆâ–Ž       | 10/44 [00:27<01:26,  2.53s/it, Loss=0.0842][A
Epoch 3:  25%|â–ˆâ–ˆâ–Œ       | 11/44 [00:27<01:23,  2.54s/it, Loss=0.0842][A
Epoch 3:  25%|â–ˆâ–ˆâ–Œ       | 11/44 [00:30<01:23,  2.54s/it, Loss=0.0524][A
Epoch 3:  27%|â–ˆâ–ˆâ–‹       | 12/44 [00:30<01:21,  2.53s/it, Loss=0.0524][A
Epoch 3:  27%|â–ˆâ–ˆâ–‹       | 12/44 [00:32<01:21,  2.53s/it, Loss=0.0391][A
Epoch 3:  30%|â–ˆâ–ˆâ–‰       | 13/44 [00:32<01:18,  2.53s/it, Loss=0.0391][A
Epoch 3:  30%|â–ˆâ–ˆâ–‰       | 13/44 [00:35<01:18,  2.53s/it, Loss=0.0902][A
Epoch 3:  32%|â–ˆâ–ˆâ–ˆâ–      | 14/44 [00:35<01:16,  2.54s/it, Loss=0.0902][A
Epoch 3:  32%|â–ˆâ–ˆâ–ˆâ–      | 14/44 [00:38<01:16,  2.54s/it, Loss=0.0908][A
Epoch 3:  34%|â–ˆâ–ˆâ–ˆâ–      | 15/44 [00:38<01:13,  2.54s/it, Loss=0.0908][A
Epoch 3:  34%|â–ˆâ–ˆâ–ˆâ–      | 15/44 [00:40<01:13,  2.54s/it, Loss=0.0506][A
Epoch 3:  36%|â–ˆâ–ˆâ–ˆâ–‹      | 16/44 [00:40<01:10,  2.53s/it, Loss=0.0506][A
Epoch 3:  36%|â–ˆâ–ˆâ–ˆâ–‹      | 16/44 [00:43<01:10,  2.53s/it, Loss=0.2129][A
Epoch 3:  39%|â–ˆâ–ˆâ–ˆâ–Š      | 17/44 [00:43<01:08,  2.54s/it, Loss=0.2129][A
Epoch 3:  39%|â–ˆâ–ˆâ–ˆâ–Š      | 17/44 [00:45<01:08,  2.54s/it, Loss=0.0641][A
Epoch 3:  41%|â–ˆâ–ˆâ–ˆâ–ˆ      | 18/44 [00:45<01:05,  2.54s/it, Loss=0.0641][A
Epoch 3:  41%|â–ˆâ–ˆâ–ˆâ–ˆ      | 18/44 [00:48<01:05,  2.54s/it, Loss=0.1706][A
Epoch 3:  43%|â–ˆâ–ˆâ–ˆâ–ˆâ–Ž     | 19/44 [00:48<01:03,  2.53s/it, Loss=0.1706][A
Epoch 3:  43%|â–ˆâ–ˆâ–ˆâ–ˆâ–Ž     | 19/44 [00:50<01:03,  2.53s/it, Loss=0.0286][A
Epoch 3:  45%|â–ˆâ–ˆâ–ˆâ–ˆâ–Œ     | 20/44 [00:50<01:00,  2.53s/it, Loss=0.0286][A
Epoch 3:  45%|â–ˆâ–ˆâ–ˆâ–ˆâ–Œ     | 20/44 [00:53<01:00,  2.53s/it, Loss=0.0734][A
Epoch 3:  48%|â–ˆâ–ˆâ–ˆâ–ˆâ–Š     | 21/44 [00:53<00:58,  2.53s/it, Loss=0.0734][A
Epoch 3:  48%|â–ˆâ–ˆâ–ˆâ–ˆâ–Š     | 21/44 [00:55<00:58,  2.53s/it, Loss=0.0386][A
Epoch 3:  50%|â–ˆâ–ˆâ–ˆâ–ˆâ–ˆ     | 22/44 [00:55<00:55,  2.53s/it, Loss=0.0386][A
Epoch 3:  50%|â–ˆâ–ˆâ–ˆâ–ˆâ–ˆ     | 22/44 [00:58<00:55,  2.53s/it, Loss=0.0413][A
Epoch 3:  52%|â–ˆâ–ˆâ–ˆâ–ˆâ–ˆâ–    | 23/44 [00:58<00:53,  2.53s/it, Loss=0.0413][A
Epoch 3:  52%|â–ˆâ–ˆâ–ˆâ–ˆâ–ˆâ–    | 23/44 [01:00<00:53,  2.53s/it, Loss=0.0741][A
Epoch 3:  55%|â–ˆâ–ˆâ–ˆâ–ˆâ–ˆâ–    | 24/44 [01:00<00:50,  2.53s/it, Loss=0.0741][A
Epoch 3:  55%|â–ˆâ–ˆâ–ˆâ–ˆâ–ˆâ–    | 24/44 [01:03<00:50,  2.53s/it, Loss=0.1355][A
Epoch 3:  57%|â–ˆâ–ˆâ–ˆâ–ˆâ–ˆâ–‹    | 25/44 [01:03<00:48,  2.53s/it, Loss=0.1355][A
Epoch 3:  57%|â–ˆâ–ˆâ–ˆâ–ˆâ–ˆâ–‹    | 25/44 [01:05<00:48,  2.53s/it, Loss=0.0611][A
Epoch 3:  59%|â–ˆâ–ˆâ–ˆâ–ˆâ–ˆâ–‰    | 26/44 [01:05<00:45,  2.53s/it, Loss=0.0611][A
Epoch 3:  59%|â–ˆâ–ˆâ–ˆâ–ˆâ–ˆâ–‰    | 26/44 [01:08<00:45,  2.53s/it, Loss=0.1726][A
Epoch 3:  61%|â–ˆâ–ˆâ–ˆâ–ˆâ–ˆâ–ˆâ–   | 27/44 [01:08<00:42,  2.53s/it, Loss=0.1726][A
Epoch 3:  61%|â–ˆâ–ˆâ–ˆâ–ˆâ–ˆâ–ˆâ–   | 27/44 [01:10<00:42,  2.53s/it, Loss=0.0482][A
Epoch 3:  64%|â–ˆâ–ˆâ–ˆâ–ˆâ–ˆâ–ˆâ–Ž   | 28/44 [01:10<00:40,  2.53s/it, Loss=0.0482][A
Epoch 3:  64%|â–ˆâ–ˆâ–ˆâ–ˆâ–ˆâ–ˆâ–Ž   | 28/44 [01:13<00:40,  2.53s/it, Loss=0.0284][A
Epoch 3:  66%|â–ˆâ–ˆâ–ˆâ–ˆâ–ˆâ–ˆâ–Œ   | 29/44 [01:13<00:37,  2.53s/it, Loss=0.0284][A
Epoch 3:  66%|â–ˆâ–ˆâ–ˆâ–ˆâ–ˆâ–ˆâ–Œ   | 29/44 [01:16<00:37,  2.53s/it, Loss=0.0473][A
Epoch 3:  68%|â–ˆâ–ˆâ–ˆâ–ˆâ–ˆâ–ˆâ–Š   | 30/44 [01:16<00:35,  2.53s/it, Loss=0.0473][A
Epoch 3:  68%|â–ˆâ–ˆâ–ˆâ–ˆâ–ˆâ–ˆâ–Š   | 30/44 [01:18<00:35,  2.53s/it, Loss=0.0689][A
Epoch 3:  70%|â–ˆâ–ˆâ–ˆâ–ˆâ–ˆâ–ˆâ–ˆ   | 31/44 [01:18<00:32,  2.53s/it, Loss=0.0689][A
Epoch 3:  70%|â–ˆâ–ˆâ–ˆâ–ˆâ–ˆâ–ˆâ–ˆ   | 31/44 [01:21<00:32,  2.53s/it, Loss=0.0279][A
Epoch 3:  73%|â–ˆâ–ˆâ–ˆâ–ˆâ–ˆâ–ˆâ–ˆâ–Ž  | 32/44 [01:21<00:30,  2.54s/it, Loss=0.0279][A
Epoch 3:  73%|â–ˆâ–ˆâ–ˆâ–ˆâ–ˆâ–ˆâ–ˆâ–Ž  | 32/44 [01:23<00:30,  2.54s/it, Loss=0.0571][A
Epoch 3:  75%|â–ˆâ–ˆâ–ˆâ–ˆâ–ˆâ–ˆâ–ˆâ–Œ  | 33/44 [01:23<00:27,  2.54s/it, Loss=0.0571][A
Epoch 3:  75%|â–ˆâ–ˆâ–ˆâ–ˆâ–ˆâ–ˆâ–ˆâ–Œ  | 33/44 [01:26<00:27,  2.54s/it, Loss=0.1497][A
Epoch 3:  77%|â–ˆâ–ˆâ–ˆâ–ˆâ–ˆâ–ˆâ–ˆâ–‹  | 34/44 [01:26<00:25,  2.53s/it, Loss=0.1497][A
Epoch 3:  77%|â–ˆâ–ˆâ–ˆâ–ˆâ–ˆâ–ˆâ–ˆâ–‹  | 34/44 [01:28<00:25,  2.53s/it, Loss=0.0480][A
Epoch 3:  80%|â–ˆâ–ˆâ–ˆâ–ˆâ–ˆâ–ˆâ–ˆâ–‰  | 35/44 [01:28<00:22,  2.53s/it, Loss=0.0480][A
Epoch 3:  80%|â–ˆâ–ˆâ–ˆâ–ˆâ–ˆâ–ˆâ–ˆâ–‰  | 35/44 [01:31<00:22,  2.53s/it, Loss=0.0952][A
Epoch 3:  82%|â–ˆâ–ˆâ–ˆâ–ˆâ–ˆâ–ˆâ–ˆâ–ˆâ– | 36/44 [01:31<00:20,  2.53s/it, Loss=0.0952][A
Epoch 3:  82%|â–ˆâ–ˆâ–ˆâ–ˆâ–ˆâ–ˆâ–ˆâ–ˆâ– | 36/44 [01:33<00:20,  2.53s/it, Loss=0.0410][A
Epoch 3:  84%|â–ˆâ–ˆâ–ˆâ–ˆâ–ˆâ–ˆâ–ˆâ–ˆâ– | 37/44 [01:33<00:17,  2.53s/it, Loss=0.0410][A
Epoch 3:  84%|â–ˆâ–ˆâ–ˆâ–ˆâ–ˆâ–ˆâ–ˆâ–ˆâ– | 37/44 [01:36<00:17,  2.53s/it, Loss=0.0201][A
Epoch 3:  86%|â–ˆâ–ˆâ–ˆâ–ˆâ–ˆâ–ˆâ–ˆâ–ˆâ–‹ | 38/44 [01:36<00:15,  2.53s/it, Loss=0.0201][A
Epoch 3:  86%|â–ˆâ–ˆâ–ˆâ–ˆâ–ˆâ–ˆâ–ˆâ–ˆâ–‹ | 38/44 [01:38<00:15,  2.53s/it, Loss=0.0801][A
Epoch 3:  89%|â–ˆâ–ˆâ–ˆâ–ˆâ–ˆâ–ˆâ–ˆâ–ˆâ–Š | 39/44 [01:38<00:12,  2.53s/it, Loss=0.0801][A
Epoch 3:  89%|â–ˆâ–ˆâ–ˆâ–ˆâ–ˆâ–ˆâ–ˆâ–ˆâ–Š | 39/44 [01:41<00:12,  2.53s/it, Loss=0.0549][A
Epoch 3:  91%|â–ˆâ–ˆâ–ˆâ–ˆâ–ˆâ–ˆâ–ˆâ–ˆâ–ˆ | 40/44 [01:41<00:10,  2.54s/it, Loss=0.0549][A
Epoch 3:  91%|â–ˆâ–ˆâ–ˆâ–ˆâ–ˆâ–ˆâ–ˆâ–ˆâ–ˆ | 40/44 [01:43<00:10,  2.54s/it, Loss=0.0367][A
Epoch 3:  93%|â–ˆâ–ˆâ–ˆâ–ˆâ–ˆâ–ˆâ–ˆâ–ˆâ–ˆâ–Ž| 41/44 [01:43<00:07,  2.53s/it, Loss=0.0367][A
Epoch 3:  93%|â–ˆâ–ˆâ–ˆâ–ˆâ–ˆâ–ˆâ–ˆâ–ˆâ–ˆâ–Ž| 41/44 [01:46<00:07,  2.53s/it, Loss=0.0343][A
Epoch 3:  95%|â–ˆâ–ˆâ–ˆâ–ˆâ–ˆâ–ˆâ–ˆâ–ˆâ–ˆâ–Œ| 42/44 [01:46<00:05,  2.53s/it, Loss=0.0343][A
Epoch 3:  95%|â–ˆâ–ˆâ–ˆâ–ˆâ–ˆâ–ˆâ–ˆâ–ˆâ–ˆâ–Œ| 42/44 [01:48<00:05,  2.53s/it, Loss=0.0486][A
Epoch 3:  98%|â–ˆâ–ˆâ–ˆâ–ˆâ–ˆâ–ˆâ–ˆâ–ˆâ–ˆâ–Š| 43/44 [01:48<00:02,  2.53s/it, Loss=0.0486][A
Epoch 3:  98%|â–ˆâ–ˆâ–ˆâ–ˆâ–ˆâ–ˆâ–ˆâ–ˆâ–ˆâ–Š| 43/44 [01:49<00:02,  2.53s/it, Loss=0.0627][A
Epoch 3: 100%|â–ˆâ–ˆâ–ˆâ–ˆâ–ˆâ–ˆâ–ˆâ–ˆâ–ˆâ–ˆ| 44/44 [01:49<00:00,  1.97s/it, Loss=0.0627][A
                                                                     [AEpochs (PACS - Domain 0):  40%|â–ˆâ–ˆâ–ˆâ–ˆ      | 2/5 [05:35<05:36, 112.32s/it, Avg Loss=0.0786]Epochs (PACS - Domain 0):  60%|â–ˆâ–ˆâ–ˆâ–ˆâ–ˆâ–ˆ    | 3/5 [05:35<03:42, 111.07s/it, Avg Loss=0.0786]
Epoch 4:   0%|          | 0/44 [00:00<?, ?it/s][A
Epoch 4:   0%|          | 0/44 [00:02<?, ?it/s, Loss=0.0214][A
Epoch 4:   2%|â–         | 1/44 [00:02<01:48,  2.52s/it, Loss=0.0214][A
Epoch 4:   2%|â–         | 1/44 [00:05<01:48,  2.52s/it, Loss=0.0404][A
Epoch 4:   5%|â–         | 2/44 [00:05<01:46,  2.53s/it, Loss=0.0404][A
Epoch 4:   5%|â–         | 2/44 [00:07<01:46,  2.53s/it, Loss=0.0340][A
Epoch 4:   7%|â–‹         | 3/44 [00:07<01:45,  2.56s/it, Loss=0.0340][A
Epoch 4:   7%|â–‹         | 3/44 [00:10<01:45,  2.56s/it, Loss=0.0352][A
Epoch 4:   9%|â–‰         | 4/44 [00:10<01:41,  2.55s/it, Loss=0.0352][A
Epoch 4:   9%|â–‰         | 4/44 [00:12<01:41,  2.55s/it, Loss=0.0242][A
Epoch 4:  11%|â–ˆâ–        | 5/44 [00:12<01:39,  2.55s/it, Loss=0.0242][A
Epoch 4:  11%|â–ˆâ–        | 5/44 [00:15<01:39,  2.55s/it, Loss=0.0659][A
Epoch 4:  14%|â–ˆâ–Ž        | 6/44 [00:15<01:36,  2.54s/it, Loss=0.0659][A
Epoch 4:  14%|â–ˆâ–Ž        | 6/44 [00:17<01:36,  2.54s/it, Loss=0.0290][A
Epoch 4:  16%|â–ˆâ–Œ        | 7/44 [00:17<01:34,  2.55s/it, Loss=0.0290][A
Epoch 4:  16%|â–ˆâ–Œ        | 7/44 [00:20<01:34,  2.55s/it, Loss=0.0237][A
Epoch 4:  18%|â–ˆâ–Š        | 8/44 [00:20<01:31,  2.55s/it, Loss=0.0237][A
Epoch 4:  18%|â–ˆâ–Š        | 8/44 [00:22<01:31,  2.55s/it, Loss=0.0064][A
Epoch 4:  20%|â–ˆâ–ˆ        | 9/44 [00:22<01:28,  2.54s/it, Loss=0.0064][A
Epoch 4:  20%|â–ˆâ–ˆ        | 9/44 [00:25<01:28,  2.54s/it, Loss=0.0044][A
Epoch 4:  23%|â–ˆâ–ˆâ–Ž       | 10/44 [00:25<01:26,  2.54s/it, Loss=0.0044][A
Epoch 4:  23%|â–ˆâ–ˆâ–Ž       | 10/44 [00:27<01:26,  2.54s/it, Loss=0.0417][A
Epoch 4:  25%|â–ˆâ–ˆâ–Œ       | 11/44 [00:27<01:23,  2.54s/it, Loss=0.0417][A
Epoch 4:  25%|â–ˆâ–ˆâ–Œ       | 11/44 [00:30<01:23,  2.54s/it, Loss=0.0254][A
Epoch 4:  27%|â–ˆâ–ˆâ–‹       | 12/44 [00:30<01:21,  2.54s/it, Loss=0.0254][A
Epoch 4:  27%|â–ˆâ–ˆâ–‹       | 12/44 [00:33<01:21,  2.54s/it, Loss=0.0564][A
Epoch 4:  30%|â–ˆâ–ˆâ–‰       | 13/44 [00:33<01:18,  2.54s/it, Loss=0.0564][A
Epoch 4:  30%|â–ˆâ–ˆâ–‰       | 13/44 [00:35<01:18,  2.54s/it, Loss=0.0178][A
Epoch 4:  32%|â–ˆâ–ˆâ–ˆâ–      | 14/44 [00:35<01:16,  2.54s/it, Loss=0.0178][A
Epoch 4:  32%|â–ˆâ–ˆâ–ˆâ–      | 14/44 [00:38<01:16,  2.54s/it, Loss=0.0098][A
Epoch 4:  34%|â–ˆâ–ˆâ–ˆâ–      | 15/44 [00:38<01:13,  2.54s/it, Loss=0.0098][A
Epoch 4:  34%|â–ˆâ–ˆâ–ˆâ–      | 15/44 [00:40<01:13,  2.54s/it, Loss=0.0105][A
Epoch 4:  36%|â–ˆâ–ˆâ–ˆâ–‹      | 16/44 [00:40<01:10,  2.54s/it, Loss=0.0105][A
Epoch 4:  36%|â–ˆâ–ˆâ–ˆâ–‹      | 16/44 [00:43<01:10,  2.54s/it, Loss=0.0114][A
Epoch 4:  39%|â–ˆâ–ˆâ–ˆâ–Š      | 17/44 [00:43<01:08,  2.53s/it, Loss=0.0114][A
Epoch 4:  39%|â–ˆâ–ˆâ–ˆâ–Š      | 17/44 [00:45<01:08,  2.53s/it, Loss=0.0113][A
Epoch 4:  41%|â–ˆâ–ˆâ–ˆâ–ˆ      | 18/44 [00:45<01:05,  2.53s/it, Loss=0.0113][A
Epoch 4:  41%|â–ˆâ–ˆâ–ˆâ–ˆ      | 18/44 [00:48<01:05,  2.53s/it, Loss=0.0487][A
Epoch 4:  43%|â–ˆâ–ˆâ–ˆâ–ˆâ–Ž     | 19/44 [00:48<01:03,  2.53s/it, Loss=0.0487][A
Epoch 4:  43%|â–ˆâ–ˆâ–ˆâ–ˆâ–Ž     | 19/44 [00:50<01:03,  2.53s/it, Loss=0.0101][A
Epoch 4:  45%|â–ˆâ–ˆâ–ˆâ–ˆâ–Œ     | 20/44 [00:50<01:00,  2.53s/it, Loss=0.0101][A
Epoch 4:  45%|â–ˆâ–ˆâ–ˆâ–ˆâ–Œ     | 20/44 [00:53<01:00,  2.53s/it, Loss=0.0074][A
Epoch 4:  48%|â–ˆâ–ˆâ–ˆâ–ˆâ–Š     | 21/44 [00:53<00:58,  2.53s/it, Loss=0.0074][A
Epoch 4:  48%|â–ˆâ–ˆâ–ˆâ–ˆâ–Š     | 21/44 [00:56<00:58,  2.53s/it, Loss=0.0364][A
Epoch 4:  50%|â–ˆâ–ˆâ–ˆâ–ˆâ–ˆ     | 22/44 [00:56<00:58,  2.64s/it, Loss=0.0364][A
Epoch 4:  50%|â–ˆâ–ˆâ–ˆâ–ˆâ–ˆ     | 22/44 [00:58<00:58,  2.64s/it, Loss=0.0087][A
Epoch 4:  52%|â–ˆâ–ˆâ–ˆâ–ˆâ–ˆâ–    | 23/44 [00:58<00:54,  2.61s/it, Loss=0.0087][A
Epoch 4:  52%|â–ˆâ–ˆâ–ˆâ–ˆâ–ˆâ–    | 23/44 [01:01<00:54,  2.61s/it, Loss=0.0109][A
Epoch 4:  55%|â–ˆâ–ˆâ–ˆâ–ˆâ–ˆâ–    | 24/44 [01:01<00:51,  2.58s/it, Loss=0.0109][A
Epoch 4:  55%|â–ˆâ–ˆâ–ˆâ–ˆâ–ˆâ–    | 24/44 [01:03<00:51,  2.58s/it, Loss=0.0109][A
Epoch 4:  57%|â–ˆâ–ˆâ–ˆâ–ˆâ–ˆâ–‹    | 25/44 [01:03<00:48,  2.57s/it, Loss=0.0109][A
Epoch 4:  57%|â–ˆâ–ˆâ–ˆâ–ˆâ–ˆâ–‹    | 25/44 [01:06<00:48,  2.57s/it, Loss=0.0155][A
Epoch 4:  59%|â–ˆâ–ˆâ–ˆâ–ˆâ–ˆâ–‰    | 26/44 [01:06<00:46,  2.56s/it, Loss=0.0155][A
Epoch 4:  59%|â–ˆâ–ˆâ–ˆâ–ˆâ–ˆâ–‰    | 26/44 [01:08<00:46,  2.56s/it, Loss=0.0166][A
Epoch 4:  61%|â–ˆâ–ˆâ–ˆâ–ˆâ–ˆâ–ˆâ–   | 27/44 [01:08<00:43,  2.56s/it, Loss=0.0166][A
Epoch 4:  61%|â–ˆâ–ˆâ–ˆâ–ˆâ–ˆâ–ˆâ–   | 27/44 [01:11<00:43,  2.56s/it, Loss=0.0046][A
Epoch 4:  64%|â–ˆâ–ˆâ–ˆâ–ˆâ–ˆâ–ˆâ–Ž   | 28/44 [01:11<00:40,  2.55s/it, Loss=0.0046][A
Epoch 4:  64%|â–ˆâ–ˆâ–ˆâ–ˆâ–ˆâ–ˆâ–Ž   | 28/44 [01:13<00:40,  2.55s/it, Loss=0.0109][A
Epoch 4:  66%|â–ˆâ–ˆâ–ˆâ–ˆâ–ˆâ–ˆâ–Œ   | 29/44 [01:13<00:38,  2.55s/it, Loss=0.0109][A
Epoch 4:  66%|â–ˆâ–ˆâ–ˆâ–ˆâ–ˆâ–ˆâ–Œ   | 29/44 [01:16<00:38,  2.55s/it, Loss=0.0062][A
Epoch 4:  68%|â–ˆâ–ˆâ–ˆâ–ˆâ–ˆâ–ˆâ–Š   | 30/44 [01:16<00:35,  2.54s/it, Loss=0.0062][A
Epoch 4:  68%|â–ˆâ–ˆâ–ˆâ–ˆâ–ˆâ–ˆâ–Š   | 30/44 [01:19<00:35,  2.54s/it, Loss=0.0218][A
Epoch 4:  70%|â–ˆâ–ˆâ–ˆâ–ˆâ–ˆâ–ˆâ–ˆ   | 31/44 [01:19<00:33,  2.54s/it, Loss=0.0218][A
Epoch 4:  70%|â–ˆâ–ˆâ–ˆâ–ˆâ–ˆâ–ˆâ–ˆ   | 31/44 [01:21<00:33,  2.54s/it, Loss=0.0075][A
Epoch 4:  73%|â–ˆâ–ˆâ–ˆâ–ˆâ–ˆâ–ˆâ–ˆâ–Ž  | 32/44 [01:21<00:30,  2.54s/it, Loss=0.0075][A
Epoch 4:  73%|â–ˆâ–ˆâ–ˆâ–ˆâ–ˆâ–ˆâ–ˆâ–Ž  | 32/44 [01:24<00:30,  2.54s/it, Loss=0.0069][A
Epoch 4:  75%|â–ˆâ–ˆâ–ˆâ–ˆâ–ˆâ–ˆâ–ˆâ–Œ  | 33/44 [01:24<00:27,  2.54s/it, Loss=0.0069][A
Epoch 4:  75%|â–ˆâ–ˆâ–ˆâ–ˆâ–ˆâ–ˆâ–ˆâ–Œ  | 33/44 [01:26<00:27,  2.54s/it, Loss=0.0081][A
Epoch 4:  77%|â–ˆâ–ˆâ–ˆâ–ˆâ–ˆâ–ˆâ–ˆâ–‹  | 34/44 [01:26<00:25,  2.54s/it, Loss=0.0081][A
Epoch 4:  77%|â–ˆâ–ˆâ–ˆâ–ˆâ–ˆâ–ˆâ–ˆâ–‹  | 34/44 [01:29<00:25,  2.54s/it, Loss=0.0351][A
Epoch 4:  80%|â–ˆâ–ˆâ–ˆâ–ˆâ–ˆâ–ˆâ–ˆâ–‰  | 35/44 [01:29<00:22,  2.54s/it, Loss=0.0351][A
Epoch 4:  80%|â–ˆâ–ˆâ–ˆâ–ˆâ–ˆâ–ˆâ–ˆâ–‰  | 35/44 [01:31<00:22,  2.54s/it, Loss=0.0230][A
Epoch 4:  82%|â–ˆâ–ˆâ–ˆâ–ˆâ–ˆâ–ˆâ–ˆâ–ˆâ– | 36/44 [01:31<00:20,  2.54s/it, Loss=0.0230][A
Epoch 4:  82%|â–ˆâ–ˆâ–ˆâ–ˆâ–ˆâ–ˆâ–ˆâ–ˆâ– | 36/44 [01:34<00:20,  2.54s/it, Loss=0.1163][A
Epoch 4:  84%|â–ˆâ–ˆâ–ˆâ–ˆâ–ˆâ–ˆâ–ˆâ–ˆâ– | 37/44 [01:34<00:17,  2.54s/it, Loss=0.1163][A
Epoch 4:  84%|â–ˆâ–ˆâ–ˆâ–ˆâ–ˆâ–ˆâ–ˆâ–ˆâ– | 37/44 [01:36<00:17,  2.54s/it, Loss=0.0065][A
Epoch 4:  86%|â–ˆâ–ˆâ–ˆâ–ˆâ–ˆâ–ˆâ–ˆâ–ˆâ–‹ | 38/44 [01:36<00:15,  2.54s/it, Loss=0.0065][A
Epoch 4:  86%|â–ˆâ–ˆâ–ˆâ–ˆâ–ˆâ–ˆâ–ˆâ–ˆâ–‹ | 38/44 [01:39<00:15,  2.54s/it, Loss=0.0087][A
Epoch 4:  89%|â–ˆâ–ˆâ–ˆâ–ˆâ–ˆâ–ˆâ–ˆâ–ˆâ–Š | 39/44 [01:39<00:12,  2.54s/it, Loss=0.0087][A
Epoch 4:  89%|â–ˆâ–ˆâ–ˆâ–ˆâ–ˆâ–ˆâ–ˆâ–ˆâ–Š | 39/44 [01:41<00:12,  2.54s/it, Loss=0.0265][A
Epoch 4:  91%|â–ˆâ–ˆâ–ˆâ–ˆâ–ˆâ–ˆâ–ˆâ–ˆâ–ˆ | 40/44 [01:41<00:10,  2.53s/it, Loss=0.0265][A
Epoch 4:  91%|â–ˆâ–ˆâ–ˆâ–ˆâ–ˆâ–ˆâ–ˆâ–ˆâ–ˆ | 40/44 [01:44<00:10,  2.53s/it, Loss=0.0039][A
Epoch 4:  93%|â–ˆâ–ˆâ–ˆâ–ˆâ–ˆâ–ˆâ–ˆâ–ˆâ–ˆâ–Ž| 41/44 [01:44<00:07,  2.54s/it, Loss=0.0039][A
Epoch 4:  93%|â–ˆâ–ˆâ–ˆâ–ˆâ–ˆâ–ˆâ–ˆâ–ˆâ–ˆâ–Ž| 41/44 [01:46<00:07,  2.54s/it, Loss=0.0046][A
Epoch 4:  95%|â–ˆâ–ˆâ–ˆâ–ˆâ–ˆâ–ˆâ–ˆâ–ˆâ–ˆâ–Œ| 42/44 [01:46<00:05,  2.54s/it, Loss=0.0046][A
Epoch 4:  95%|â–ˆâ–ˆâ–ˆâ–ˆâ–ˆâ–ˆâ–ˆâ–ˆâ–ˆâ–Œ| 42/44 [01:49<00:05,  2.54s/it, Loss=0.0105][A
Epoch 4:  98%|â–ˆâ–ˆâ–ˆâ–ˆâ–ˆâ–ˆâ–ˆâ–ˆâ–ˆâ–Š| 43/44 [01:49<00:02,  2.54s/it, Loss=0.0105][A
Epoch 4:  98%|â–ˆâ–ˆâ–ˆâ–ˆâ–ˆâ–ˆâ–ˆâ–ˆâ–ˆâ–Š| 43/44 [01:50<00:02,  2.54s/it, Loss=0.0023][A
Epoch 4: 100%|â–ˆâ–ˆâ–ˆâ–ˆâ–ˆâ–ˆâ–ˆâ–ˆâ–ˆâ–ˆ| 44/44 [01:50<00:00,  1.97s/it, Loss=0.0023][A
                                                                     [AEpochs (PACS - Domain 0):  60%|â–ˆâ–ˆâ–ˆâ–ˆâ–ˆâ–ˆ    | 3/5 [07:25<03:42, 111.07s/it, Avg Loss=0.0213]Epochs (PACS - Domain 0):  80%|â–ˆâ–ˆâ–ˆâ–ˆâ–ˆâ–ˆâ–ˆâ–ˆ  | 4/5 [07:25<01:50, 110.70s/it, Avg Loss=0.0213]
Epoch 5:   0%|          | 0/44 [00:00<?, ?it/s][A
Epoch 5:   0%|          | 0/44 [00:02<?, ?it/s, Loss=0.0051][A
Epoch 5:   2%|â–         | 1/44 [00:02<01:48,  2.52s/it, Loss=0.0051][A
Epoch 5:   2%|â–         | 1/44 [00:05<01:48,  2.52s/it, Loss=0.0094][A
Epoch 5:   5%|â–         | 2/44 [00:05<01:46,  2.53s/it, Loss=0.0094][A
Epoch 5:   5%|â–         | 2/44 [00:07<01:46,  2.53s/it, Loss=0.0047][A
Epoch 5:   7%|â–‹         | 3/44 [00:07<01:43,  2.53s/it, Loss=0.0047][A
Epoch 5:   7%|â–‹         | 3/44 [00:10<01:43,  2.53s/it, Loss=0.0053][A
Epoch 5:   9%|â–‰         | 4/44 [00:10<01:41,  2.53s/it, Loss=0.0053][A
Epoch 5:   9%|â–‰         | 4/44 [00:12<01:41,  2.53s/it, Loss=0.0129][A
Epoch 5:  11%|â–ˆâ–        | 5/44 [00:12<01:38,  2.53s/it, Loss=0.0129][A
Epoch 5:  11%|â–ˆâ–        | 5/44 [00:15<01:38,  2.53s/it, Loss=0.0189][A
Epoch 5:  14%|â–ˆâ–Ž        | 6/44 [00:15<01:36,  2.53s/it, Loss=0.0189][A
Epoch 5:  14%|â–ˆâ–Ž        | 6/44 [00:17<01:36,  2.53s/it, Loss=0.0120][A
Epoch 5:  16%|â–ˆâ–Œ        | 7/44 [00:17<01:33,  2.53s/it, Loss=0.0120][A
Epoch 5:  16%|â–ˆâ–Œ        | 7/44 [00:20<01:33,  2.53s/it, Loss=0.0135][A
Epoch 5:  18%|â–ˆâ–Š        | 8/44 [00:20<01:30,  2.53s/it, Loss=0.0135][A
Epoch 5:  18%|â–ˆâ–Š        | 8/44 [00:22<01:30,  2.53s/it, Loss=0.0054][A
Epoch 5:  20%|â–ˆâ–ˆ        | 9/44 [00:22<01:28,  2.53s/it, Loss=0.0054][A
Epoch 5:  20%|â–ˆâ–ˆ        | 9/44 [00:25<01:28,  2.53s/it, Loss=0.0072][A
Epoch 5:  23%|â–ˆâ–ˆâ–Ž       | 10/44 [00:25<01:25,  2.53s/it, Loss=0.0072][A
Epoch 5:  23%|â–ˆâ–ˆâ–Ž       | 10/44 [00:27<01:25,  2.53s/it, Loss=0.0061][A
Epoch 5:  25%|â–ˆâ–ˆâ–Œ       | 11/44 [00:27<01:23,  2.53s/it, Loss=0.0061][A
Epoch 5:  25%|â–ˆâ–ˆâ–Œ       | 11/44 [00:30<01:23,  2.53s/it, Loss=0.0114][A
Epoch 5:  27%|â–ˆâ–ˆâ–‹       | 12/44 [00:30<01:20,  2.53s/it, Loss=0.0114][A
Epoch 5:  27%|â–ˆâ–ˆâ–‹       | 12/44 [00:32<01:20,  2.53s/it, Loss=0.0197][A
Epoch 5:  30%|â–ˆâ–ˆâ–‰       | 13/44 [00:32<01:18,  2.53s/it, Loss=0.0197][A
Epoch 5:  30%|â–ˆâ–ˆâ–‰       | 13/44 [00:35<01:18,  2.53s/it, Loss=0.0099][A
Epoch 5:  32%|â–ˆâ–ˆâ–ˆâ–      | 14/44 [00:35<01:15,  2.53s/it, Loss=0.0099][A
Epoch 5:  32%|â–ˆâ–ˆâ–ˆâ–      | 14/44 [00:37<01:15,  2.53s/it, Loss=0.0029][A
Epoch 5:  34%|â–ˆâ–ˆâ–ˆâ–      | 15/44 [00:37<01:13,  2.53s/it, Loss=0.0029][A
Epoch 5:  34%|â–ˆâ–ˆâ–ˆâ–      | 15/44 [00:40<01:13,  2.53s/it, Loss=0.0078][A
Epoch 5:  36%|â–ˆâ–ˆâ–ˆâ–‹      | 16/44 [00:40<01:10,  2.53s/it, Loss=0.0078][A
Epoch 5:  36%|â–ˆâ–ˆâ–ˆâ–‹      | 16/44 [00:42<01:10,  2.53s/it, Loss=0.0042][A
Epoch 5:  39%|â–ˆâ–ˆâ–ˆâ–Š      | 17/44 [00:42<01:08,  2.53s/it, Loss=0.0042][A
Epoch 5:  39%|â–ˆâ–ˆâ–ˆâ–Š      | 17/44 [00:45<01:08,  2.53s/it, Loss=0.0071][A
Epoch 5:  41%|â–ˆâ–ˆâ–ˆâ–ˆ      | 18/44 [00:45<01:05,  2.53s/it, Loss=0.0071][A
Epoch 5:  41%|â–ˆâ–ˆâ–ˆâ–ˆ      | 18/44 [00:48<01:05,  2.53s/it, Loss=0.0057][A
Epoch 5:  43%|â–ˆâ–ˆâ–ˆâ–ˆâ–Ž     | 19/44 [00:48<01:03,  2.53s/it, Loss=0.0057][A
Epoch 5:  43%|â–ˆâ–ˆâ–ˆâ–ˆâ–Ž     | 19/44 [00:50<01:03,  2.53s/it, Loss=0.0072][A
Epoch 5:  45%|â–ˆâ–ˆâ–ˆâ–ˆâ–Œ     | 20/44 [00:50<01:00,  2.53s/it, Loss=0.0072][A
Epoch 5:  45%|â–ˆâ–ˆâ–ˆâ–ˆâ–Œ     | 20/44 [00:53<01:00,  2.53s/it, Loss=0.0028][A
Epoch 5:  48%|â–ˆâ–ˆâ–ˆâ–ˆâ–Š     | 21/44 [00:53<00:58,  2.53s/it, Loss=0.0028][A
Epoch 5:  48%|â–ˆâ–ˆâ–ˆâ–ˆâ–Š     | 21/44 [00:55<00:58,  2.53s/it, Loss=0.0082][A
Epoch 5:  50%|â–ˆâ–ˆâ–ˆâ–ˆâ–ˆ     | 22/44 [00:55<00:55,  2.53s/it, Loss=0.0082][A
Epoch 5:  50%|â–ˆâ–ˆâ–ˆâ–ˆâ–ˆ     | 22/44 [00:58<00:55,  2.53s/it, Loss=0.0056][A
Epoch 5:  52%|â–ˆâ–ˆâ–ˆâ–ˆâ–ˆâ–    | 23/44 [00:58<00:53,  2.53s/it, Loss=0.0056][A
Epoch 5:  52%|â–ˆâ–ˆâ–ˆâ–ˆâ–ˆâ–    | 23/44 [01:00<00:53,  2.53s/it, Loss=0.0051][A
Epoch 5:  55%|â–ˆâ–ˆâ–ˆâ–ˆâ–ˆâ–    | 24/44 [01:00<00:50,  2.53s/it, Loss=0.0051][A
Epoch 5:  55%|â–ˆâ–ˆâ–ˆâ–ˆâ–ˆâ–    | 24/44 [01:03<00:50,  2.53s/it, Loss=0.0074][A
Epoch 5:  57%|â–ˆâ–ˆâ–ˆâ–ˆâ–ˆâ–‹    | 25/44 [01:03<00:48,  2.53s/it, Loss=0.0074][A
Epoch 5:  57%|â–ˆâ–ˆâ–ˆâ–ˆâ–ˆâ–‹    | 25/44 [01:05<00:48,  2.53s/it, Loss=0.0037][A
Epoch 5:  59%|â–ˆâ–ˆâ–ˆâ–ˆâ–ˆâ–‰    | 26/44 [01:05<00:45,  2.53s/it, Loss=0.0037][A
Epoch 5:  59%|â–ˆâ–ˆâ–ˆâ–ˆâ–ˆâ–‰    | 26/44 [01:08<00:45,  2.53s/it, Loss=0.0040][A
Epoch 5:  61%|â–ˆâ–ˆâ–ˆâ–ˆâ–ˆâ–ˆâ–   | 27/44 [01:08<00:43,  2.53s/it, Loss=0.0040][A
Epoch 5:  61%|â–ˆâ–ˆâ–ˆâ–ˆâ–ˆâ–ˆâ–   | 27/44 [01:10<00:43,  2.53s/it, Loss=0.0029][A
Epoch 5:  64%|â–ˆâ–ˆâ–ˆâ–ˆâ–ˆâ–ˆâ–Ž   | 28/44 [01:10<00:40,  2.53s/it, Loss=0.0029][A
Epoch 5:  64%|â–ˆâ–ˆâ–ˆâ–ˆâ–ˆâ–ˆâ–Ž   | 28/44 [01:13<00:40,  2.53s/it, Loss=0.0035][A
Epoch 5:  66%|â–ˆâ–ˆâ–ˆâ–ˆâ–ˆâ–ˆâ–Œ   | 29/44 [01:13<00:37,  2.53s/it, Loss=0.0035][A
Epoch 5:  66%|â–ˆâ–ˆâ–ˆâ–ˆâ–ˆâ–ˆâ–Œ   | 29/44 [01:15<00:37,  2.53s/it, Loss=0.0125][A
Epoch 5:  68%|â–ˆâ–ˆâ–ˆâ–ˆâ–ˆâ–ˆâ–Š   | 30/44 [01:15<00:35,  2.53s/it, Loss=0.0125][A
Epoch 5:  68%|â–ˆâ–ˆâ–ˆâ–ˆâ–ˆâ–ˆâ–Š   | 30/44 [01:18<00:35,  2.53s/it, Loss=0.0450][A
Epoch 5:  70%|â–ˆâ–ˆâ–ˆâ–ˆâ–ˆâ–ˆâ–ˆ   | 31/44 [01:18<00:32,  2.53s/it, Loss=0.0450][A
Epoch 5:  70%|â–ˆâ–ˆâ–ˆâ–ˆâ–ˆâ–ˆâ–ˆ   | 31/44 [01:20<00:32,  2.53s/it, Loss=0.0038][A
Epoch 5:  73%|â–ˆâ–ˆâ–ˆâ–ˆâ–ˆâ–ˆâ–ˆâ–Ž  | 32/44 [01:20<00:30,  2.53s/it, Loss=0.0038][A
Epoch 5:  73%|â–ˆâ–ˆâ–ˆâ–ˆâ–ˆâ–ˆâ–ˆâ–Ž  | 32/44 [01:23<00:30,  2.53s/it, Loss=0.0040][A
Epoch 5:  75%|â–ˆâ–ˆâ–ˆâ–ˆâ–ˆâ–ˆâ–ˆâ–Œ  | 33/44 [01:23<00:27,  2.53s/it, Loss=0.0040][A
Epoch 5:  75%|â–ˆâ–ˆâ–ˆâ–ˆâ–ˆâ–ˆâ–ˆâ–Œ  | 33/44 [01:26<00:27,  2.53s/it, Loss=0.0055][A
Epoch 5:  77%|â–ˆâ–ˆâ–ˆâ–ˆâ–ˆâ–ˆâ–ˆâ–‹  | 34/44 [01:26<00:25,  2.54s/it, Loss=0.0055][A
Epoch 5:  77%|â–ˆâ–ˆâ–ˆâ–ˆâ–ˆâ–ˆâ–ˆâ–‹  | 34/44 [01:28<00:25,  2.54s/it, Loss=0.0042][A
Epoch 5:  80%|â–ˆâ–ˆâ–ˆâ–ˆâ–ˆâ–ˆâ–ˆâ–‰  | 35/44 [01:28<00:22,  2.54s/it, Loss=0.0042][A
Epoch 5:  80%|â–ˆâ–ˆâ–ˆâ–ˆâ–ˆâ–ˆâ–ˆâ–‰  | 35/44 [01:31<00:22,  2.54s/it, Loss=0.0120][A
Epoch 5:  82%|â–ˆâ–ˆâ–ˆâ–ˆâ–ˆâ–ˆâ–ˆâ–ˆâ– | 36/44 [01:31<00:20,  2.54s/it, Loss=0.0120][A
Epoch 5:  82%|â–ˆâ–ˆâ–ˆâ–ˆâ–ˆâ–ˆâ–ˆâ–ˆâ– | 36/44 [01:33<00:20,  2.54s/it, Loss=0.0051][A
Epoch 5:  84%|â–ˆâ–ˆâ–ˆâ–ˆâ–ˆâ–ˆâ–ˆâ–ˆâ– | 37/44 [01:33<00:17,  2.53s/it, Loss=0.0051][A
Epoch 5:  84%|â–ˆâ–ˆâ–ˆâ–ˆâ–ˆâ–ˆâ–ˆâ–ˆâ– | 37/44 [01:36<00:17,  2.53s/it, Loss=0.0059][A
Epoch 5:  86%|â–ˆâ–ˆâ–ˆâ–ˆâ–ˆâ–ˆâ–ˆâ–ˆâ–‹ | 38/44 [01:36<00:15,  2.54s/it, Loss=0.0059][A
Epoch 5:  86%|â–ˆâ–ˆâ–ˆâ–ˆâ–ˆâ–ˆâ–ˆâ–ˆâ–‹ | 38/44 [01:38<00:15,  2.54s/it, Loss=0.0057][A
Epoch 5:  89%|â–ˆâ–ˆâ–ˆâ–ˆâ–ˆâ–ˆâ–ˆâ–ˆâ–Š | 39/44 [01:38<00:12,  2.54s/it, Loss=0.0057][A
Epoch 5:  89%|â–ˆâ–ˆâ–ˆâ–ˆâ–ˆâ–ˆâ–ˆâ–ˆâ–Š | 39/44 [01:41<00:12,  2.54s/it, Loss=0.0055][A
Epoch 5:  91%|â–ˆâ–ˆâ–ˆâ–ˆâ–ˆâ–ˆâ–ˆâ–ˆâ–ˆ | 40/44 [01:41<00:10,  2.53s/it, Loss=0.0055][A
Epoch 5:  91%|â–ˆâ–ˆâ–ˆâ–ˆâ–ˆâ–ˆâ–ˆâ–ˆâ–ˆ | 40/44 [01:43<00:10,  2.53s/it, Loss=0.0158][A
Epoch 5:  93%|â–ˆâ–ˆâ–ˆâ–ˆâ–ˆâ–ˆâ–ˆâ–ˆâ–ˆâ–Ž| 41/44 [01:43<00:07,  2.53s/it, Loss=0.0158][A
Epoch 5:  93%|â–ˆâ–ˆâ–ˆâ–ˆâ–ˆâ–ˆâ–ˆâ–ˆâ–ˆâ–Ž| 41/44 [01:46<00:07,  2.53s/it, Loss=0.0034][A
Epoch 5:  95%|â–ˆâ–ˆâ–ˆâ–ˆâ–ˆâ–ˆâ–ˆâ–ˆâ–ˆâ–Œ| 42/44 [01:46<00:05,  2.53s/it, Loss=0.0034][A
Epoch 5:  95%|â–ˆâ–ˆâ–ˆâ–ˆâ–ˆâ–ˆâ–ˆâ–ˆâ–ˆâ–Œ| 42/44 [01:48<00:05,  2.53s/it, Loss=0.0066][A
Epoch 5:  98%|â–ˆâ–ˆâ–ˆâ–ˆâ–ˆâ–ˆâ–ˆâ–ˆâ–ˆâ–Š| 43/44 [01:48<00:02,  2.53s/it, Loss=0.0066][A
Epoch 5:  98%|â–ˆâ–ˆâ–ˆâ–ˆâ–ˆâ–ˆâ–ˆâ–ˆâ–ˆâ–Š| 43/44 [01:49<00:02,  2.53s/it, Loss=0.0042][A
Epoch 5: 100%|â–ˆâ–ˆâ–ˆâ–ˆâ–ˆâ–ˆâ–ˆâ–ˆâ–ˆâ–ˆ| 44/44 [01:49<00:00,  1.97s/it, Loss=0.0042][A
                                                                     [AEpochs (PACS - Domain 0):  80%|â–ˆâ–ˆâ–ˆâ–ˆâ–ˆâ–ˆâ–ˆâ–ˆ  | 4/5 [09:14<01:50, 110.70s/it, Avg Loss=0.0082]Epochs (PACS - Domain 0): 100%|â–ˆâ–ˆâ–ˆâ–ˆâ–ˆâ–ˆâ–ˆâ–ˆâ–ˆâ–ˆ| 5/5 [09:14<00:00, 110.26s/it, Avg Loss=0.0082]Epochs (PACS - Domain 0): 100%|â–ˆâ–ˆâ–ˆâ–ˆâ–ˆâ–ˆâ–ˆâ–ˆâ–ˆâ–ˆ| 5/5 [09:14<00:00, 110.97s/it, Avg Loss=0.0082]
Traceback (most recent call last):
  File "/leonardo_scratch/fast/IscrC_FoundCL/cl/lora-CL/l2/lib/python3.10/site-packages/peft/peft_model.py", line 540, in __getattr__
    return super().__getattr__(name)  # defer to nn.Module's logic
  File "/leonardo_scratch/fast/IscrC_FoundCL/cl/lora-CL/l2/lib/python3.10/site-packages/torch/nn/modules/module.py", line 1709, in __getattr__
    raise AttributeError(f"'{type(self).__name__}' object has no attribute '{name}'")
AttributeError: 'PeftModel' object has no attribute 'save_pretained'

During handling of the above exception, another exception occurred:

Traceback (most recent call last):
  File "/leonardo_scratch/fast/IscrC_FoundCL/cl/lora-CL/l2/lib/python3.10/site-packages/peft/tuners/lora/model.py", line 311, in __getattr__
    return super().__getattr__(name)  # defer to nn.Module's logic
  File "/leonardo_scratch/fast/IscrC_FoundCL/cl/lora-CL/l2/lib/python3.10/site-packages/torch/nn/modules/module.py", line 1709, in __getattr__
    raise AttributeError(f"'{type(self).__name__}' object has no attribute '{name}'")
AttributeError: 'LoraModel' object has no attribute 'save_pretained'

During handling of the above exception, another exception occurred:

Traceback (most recent call last):
  File "/leonardo_scratch/fast/IscrC_FoundCL/cl/lora-CL/ratatouille/ood/main.py", line 26, in <module>
    run_experiment(args.config)
  File "/leonardo_scratch/fast/IscrC_FoundCL/cl/lora-CL/ratatouille/ood/main.py", line 16, in run_experiment
    train_main(config)
  File "/leonardo_scratch/fast/IscrC_FoundCL/cl/lora-CL/ratatouille/ood/experiments/train.py", line 31, in main
    model.train_auxiliary(
  File "/leonardo_scratch/fast/IscrC_FoundCL/cl/lora-CL/ratatouille/ood/models/ood_generalization_lora.py", line 78, in train_auxiliary
    lora_model.save_pretained(f"adapters/adapter_{adapter_name}_{task_id}")
  File "/leonardo_scratch/fast/IscrC_FoundCL/cl/lora-CL/l2/lib/python3.10/site-packages/peft/peft_model.py", line 542, in __getattr__
    return getattr(self.base_model, name)
  File "/leonardo_scratch/fast/IscrC_FoundCL/cl/lora-CL/l2/lib/python3.10/site-packages/peft/tuners/lora/model.py", line 313, in __getattr__
    return getattr(self.model, name)
  File "/leonardo_scratch/fast/IscrC_FoundCL/cl/lora-CL/l2/lib/python3.10/site-packages/torch/nn/modules/module.py", line 1709, in __getattr__
    raise AttributeError(f"'{type(self).__name__}' object has no attribute '{name}'")
AttributeError: 'VisionTransformer' object has no attribute 'save_pretained'. Did you mean: 'load_pretrained'?
